{"/Users/brianmcbride/Development/me/feathers-arangodb/lib/mongo-aql/index.js":{"path":"/Users/brianmcbride/Development/me/feathers-arangodb/lib/mongo-aql/index.js","statementMap":{"0":{"start":{"line":2,"column":0},"end":{"line":2,"column":27}},"1":{"start":{"line":5,"column":0},"end":{"line":5,"column":33}},"2":{"start":{"line":8,"column":0},"end":{"line":8,"column":34}},"3":{"start":{"line":9,"column":0},"end":{"line":9,"column":33}},"4":{"start":{"line":10,"column":0},"end":{"line":10,"column":33}},"5":{"start":{"line":11,"column":0},"end":{"line":11,"column":33}},"6":{"start":{"line":12,"column":0},"end":{"line":12,"column":34}},"7":{"start":{"line":13,"column":0},"end":{"line":13,"column":33}},"8":{"start":{"line":14,"column":0},"end":{"line":14,"column":35}},"9":{"start":{"line":15,"column":0},"end":{"line":15,"column":33}},"10":{"start":{"line":16,"column":0},"end":{"line":16,"column":33}},"11":{"start":{"line":17,"column":0},"end":{"line":17,"column":34}},"12":{"start":{"line":18,"column":0},"end":{"line":18,"column":32}},"13":{"start":{"line":21,"column":0},"end":{"line":21,"column":33}},"14":{"start":{"line":23,"column":0},"end":{"line":23,"column":48}},"15":{"start":{"line":24,"column":0},"end":{"line":24,"column":74}},"16":{"start":{"line":25,"column":0},"end":{"line":25,"column":64}}},"fnMap":{},"branchMap":{},"s":{"0":1,"1":1,"2":1,"3":1,"4":1,"5":1,"6":1,"7":1,"8":1,"9":1,"10":1,"11":1,"12":1,"13":1,"14":1,"15":1,"16":1},"f":{},"b":{},"_coverageSchema":"43e27e138ebf9cfc5966b082cf9a028302ed4184","hash":"507b11052fabdb0e5a10915dea2dcdd247377184","contentHash":"274c04dbde5e8cf32b23dfed02cf0ea3"},"/Users/brianmcbride/Development/me/feathers-arangodb/lib/mongo-aql/lib/normalize.js":{"path":"/Users/brianmcbride/Development/me/feathers-arangodb/lib/mongo-aql/lib/normalize.js","statementMap":{"0":{"start":{"line":4,"column":0},"end":{"line":9,"column":1}},"1":{"start":{"line":5,"column":2},"end":{"line":5,"column":33}},"2":{"start":{"line":6,"column":2},"end":{"line":8,"column":4}},"3":{"start":{"line":7,"column":4},"end":{"line":7,"column":17}}},"fnMap":{"0":{"name":"(anonymous_0)","decl":{"start":{"line":5,"column":18},"end":{"line":5,"column":19}},"loc":{"start":{"line":5,"column":30},"end":{"line":5,"column":32}},"line":5},"1":{"name":"(anonymous_1)","decl":{"start":{"line":6,"column":27},"end":{"line":6,"column":28}},"loc":{"start":{"line":6,"column":39},"end":{"line":8,"column":3}},"line":6}},"branchMap":{"0":{"loc":{"start":{"line":4,"column":0},"end":{"line":9,"column":1}},"type":"if","locations":[{"start":{"line":4,"column":0},"end":{"line":9,"column":1}},{"start":{"line":4,"column":0},"end":{"line":9,"column":1}}],"line":4}},"s":{"0":1,"1":0,"2":0,"3":0},"f":{"0":0,"1":0},"b":{"0":[0,1]},"_coverageSchema":"43e27e138ebf9cfc5966b082cf9a028302ed4184","hash":"246af856209a5d8d85fec59a8218059c5caf43b8","contentHash":"45a4d1d226acd6264db7c2e3b37c7d09"},"/Users/brianmcbride/Development/me/feathers-arangodb/lib/mongo-aql/helpers/query-types.js":{"path":"/Users/brianmcbride/Development/me/feathers-arangodb/lib/mongo-aql/helpers/query-types.js","statementMap":{"0":{"start":{"line":2,"column":17},"end":{"line":2,"column":46}},"1":{"start":{"line":4,"column":0},"end":{"line":8,"column":13}},"2":{"start":{"line":10,"column":0},"end":{"line":10,"column":130}}},"fnMap":{},"branchMap":{},"s":{"0":1,"1":1,"2":1},"f":{},"b":{},"_coverageSchema":"43e27e138ebf9cfc5966b082cf9a028302ed4184","hash":"a3e80054daf10e26d75e185c7c2eea8535ba0e22","contentHash":"500561f36a2e6850231121486cdb112c"},"/Users/brianmcbride/Development/me/feathers-arangodb/lib/mongo-aql/lib/query-types.js":{"path":"/Users/brianmcbride/Development/me/feathers-arangodb/lib/mongo-aql/lib/query-types.js","statementMap":{"0":{"start":{"line":2,"column":12},"end":{"line":2,"column":14}},"1":{"start":{"line":4,"column":0},"end":{"line":6,"column":2}},"2":{"start":{"line":5,"column":2},"end":{"line":5,"column":22}},"3":{"start":{"line":8,"column":0},"end":{"line":10,"column":2}},"4":{"start":{"line":9,"column":2},"end":{"line":9,"column":21}},"5":{"start":{"line":12,"column":0},"end":{"line":14,"column":2}},"6":{"start":{"line":13,"column":2},"end":{"line":13,"column":36}},"7":{"start":{"line":16,"column":0},"end":{"line":20,"column":3}},"8":{"start":{"line":18,"column":4},"end":{"line":18,"column":30}}},"fnMap":{"0":{"name":"(anonymous_0)","decl":{"start":{"line":4,"column":21},"end":{"line":4,"column":22}},"loc":{"start":{"line":4,"column":44},"end":{"line":6,"column":1}},"line":4},"1":{"name":"(anonymous_1)","decl":{"start":{"line":8,"column":21},"end":{"line":8,"column":22}},"loc":{"start":{"line":8,"column":37},"end":{"line":10,"column":1}},"line":8},"2":{"name":"(anonymous_2)","decl":{"start":{"line":12,"column":21},"end":{"line":12,"column":22}},"loc":{"start":{"line":12,"column":37},"end":{"line":14,"column":1}},"line":12},"3":{"name":"(anonymous_3)","decl":{"start":{"line":17,"column":7},"end":{"line":17,"column":8}},"loc":{"start":{"line":17,"column":19},"end":{"line":19,"column":3}},"line":17}},"branchMap":{},"s":{"0":1,"1":1,"2":2,"3":1,"4":151,"5":1,"6":151,"7":1,"8":0},"f":{"0":2,"1":151,"2":151,"3":0},"b":{},"_coverageSchema":"43e27e138ebf9cfc5966b082cf9a028302ed4184","hash":"f63eebb1439fa3fbb56e654a6a212b9b7b57f071","contentHash":"181685254185f4edd7b0e4dcacb54e25"},"/Users/brianmcbride/Development/me/feathers-arangodb/lib/mongo-aql/helpers/query/values.js":{"path":"/Users/brianmcbride/Development/me/feathers-arangodb/lib/mongo-aql/helpers/query/values.js","statementMap":{"0":{"start":{"line":1,"column":14},"end":{"line":1,"column":48}},"1":{"start":{"line":2,"column":19},"end":{"line":2,"column":53}},"2":{"start":{"line":4,"column":0},"end":{"line":38,"column":3}},"3":{"start":{"line":5,"column":2},"end":{"line":5,"column":94}},"4":{"start":{"line":5,"column":34},"end":{"line":5,"column":94}},"5":{"start":{"line":7,"column":2},"end":{"line":7,"column":96}},"6":{"start":{"line":7,"column":33},"end":{"line":7,"column":94}},"7":{"start":{"line":9,"column":2},"end":{"line":9,"column":50}},"8":{"start":{"line":9,"column":30},"end":{"line":9,"column":50}},"9":{"start":{"line":11,"column":2},"end":{"line":11,"column":105}},"10":{"start":{"line":11,"column":27},"end":{"line":11,"column":105}},"11":{"start":{"line":14,"column":13},"end":{"line":14,"column":15}},"12":{"start":{"line":14,"column":29},"end":{"line":17,"column":3}},"13":{"start":{"line":15,"column":4},"end":{"line":15,"column":37}},"14":{"start":{"line":15,"column":30},"end":{"line":15,"column":37}},"15":{"start":{"line":16,"column":4},"end":{"line":16,"column":17}},"16":{"start":{"line":19,"column":2},"end":{"line":21,"column":3}},"17":{"start":{"line":20,"column":4},"end":{"line":20,"column":46}},"18":{"start":{"line":23,"column":18},"end":{"line":35,"column":15}},"19":{"start":{"line":24,"column":17},"end":{"line":24,"column":19}},"20":{"start":{"line":25,"column":4},"end":{"line":33,"column":5}},"21":{"start":{"line":26,"column":6},"end":{"line":32,"column":7}},"22":{"start":{"line":27,"column":8},"end":{"line":27,"column":28}},"23":{"start":{"line":28,"column":13},"end":{"line":32,"column":7}},"24":{"start":{"line":29,"column":8},"end":{"line":29,"column":77}},"25":{"start":{"line":31,"column":8},"end":{"line":31,"column":60}},"26":{"start":{"line":34,"column":4},"end":{"line":34,"column":41}},"27":{"start":{"line":37,"column":2},"end":{"line":37,"column":61}}},"fnMap":{"0":{"name":"(anonymous_0)","decl":{"start":{"line":4,"column":27},"end":{"line":4,"column":28}},"loc":{"start":{"line":4,"column":65},"end":{"line":38,"column":1}},"line":4},"1":{"name":"(anonymous_1)","decl":{"start":{"line":14,"column":29},"end":{"line":14,"column":30}},"loc":{"start":{"line":14,"column":42},"end":{"line":17,"column":3}},"line":14},"2":{"name":"(anonymous_2)","decl":{"start":{"line":23,"column":29},"end":{"line":23,"column":30}},"loc":{"start":{"line":23,"column":46},"end":{"line":35,"column":3}},"line":23}},"branchMap":{"0":{"loc":{"start":{"line":5,"column":2},"end":{"line":5,"column":94}},"type":"if","locations":[{"start":{"line":5,"column":2},"end":{"line":5,"column":94}},{"start":{"line":5,"column":2},"end":{"line":5,"column":94}}],"line":5},"1":{"loc":{"start":{"line":7,"column":2},"end":{"line":7,"column":96}},"type":"if","locations":[{"start":{"line":7,"column":2},"end":{"line":7,"column":96}},{"start":{"line":7,"column":2},"end":{"line":7,"column":96}}],"line":7},"2":{"loc":{"start":{"line":9,"column":2},"end":{"line":9,"column":50}},"type":"if","locations":[{"start":{"line":9,"column":2},"end":{"line":9,"column":50}},{"start":{"line":9,"column":2},"end":{"line":9,"column":50}}],"line":9},"3":{"loc":{"start":{"line":11,"column":2},"end":{"line":11,"column":105}},"type":"if","locations":[{"start":{"line":11,"column":2},"end":{"line":11,"column":105}},{"start":{"line":11,"column":2},"end":{"line":11,"column":105}}],"line":11},"4":{"loc":{"start":{"line":15,"column":4},"end":{"line":15,"column":37}},"type":"if","locations":[{"start":{"line":15,"column":4},"end":{"line":15,"column":37}},{"start":{"line":15,"column":4},"end":{"line":15,"column":37}}],"line":15},"5":{"loc":{"start":{"line":26,"column":6},"end":{"line":32,"column":7}},"type":"if","locations":[{"start":{"line":26,"column":6},"end":{"line":32,"column":7}},{"start":{"line":26,"column":6},"end":{"line":32,"column":7}}],"line":26},"6":{"loc":{"start":{"line":26,"column":10},"end":{"line":26,"column":69}},"type":"binary-expr","locations":[{"start":{"line":26,"column":10},"end":{"line":26,"column":35}},{"start":{"line":26,"column":39},"end":{"line":26,"column":69}}],"line":26},"7":{"loc":{"start":{"line":28,"column":13},"end":{"line":32,"column":7}},"type":"if","locations":[{"start":{"line":28,"column":13},"end":{"line":32,"column":7}},{"start":{"line":28,"column":13},"end":{"line":32,"column":7}}],"line":28},"8":{"loc":{"start":{"line":28,"column":17},"end":{"line":28,"column":83}},"type":"binary-expr","locations":[{"start":{"line":28,"column":17},"end":{"line":28,"column":53}},{"start":{"line":28,"column":57},"end":{"line":28,"column":83}}],"line":28}},"s":{"0":1,"1":1,"2":1,"3":0,"4":0,"5":0,"6":0,"7":0,"8":0,"9":0,"10":0,"11":0,"12":0,"13":0,"14":0,"15":0,"16":0,"17":0,"18":0,"19":0,"20":0,"21":0,"22":0,"23":0,"24":0,"25":0,"26":0,"27":0},"f":{"0":0,"1":0,"2":0},"b":{"0":[0,0],"1":[0,0],"2":[0,0],"3":[0,0],"4":[0,0],"5":[0,0],"6":[0,0],"7":[0,0],"8":[0,0]},"_coverageSchema":"43e27e138ebf9cfc5966b082cf9a028302ed4184","hash":"b22d806fef1a534f8cd6ac7e1052b831c658fee5","contentHash":"d93857e2b447b9e2a1c25e748ffecd22"},"/Users/brianmcbride/Development/me/feathers-arangodb/lib/mongo-aql/lib/query-helpers.js":{"path":"/Users/brianmcbride/Development/me/feathers-arangodb/lib/mongo-aql/lib/query-helpers.js","statementMap":{"0":{"start":{"line":2,"column":20},"end":{"line":2,"column":47}},"1":{"start":{"line":4,"column":0},"end":{"line":4,"column":37}}},"fnMap":{},"branchMap":{},"s":{"0":1,"1":1},"f":{},"b":{},"_coverageSchema":"43e27e138ebf9cfc5966b082cf9a028302ed4184","hash":"d97d97a5d360ae9d4ade68c4824ebede8308ca57","contentHash":"9f03ca3d71d867558dc8fa2d8667d7a7"},"/Users/brianmcbride/Development/me/feathers-arangodb/lib/mongo-aql/lib/helper-manager.js":{"path":"/Users/brianmcbride/Development/me/feathers-arangodb/lib/mongo-aql/lib/helper-manager.js","statementMap":{"0":{"start":{"line":2,"column":20},"end":{"line":6,"column":1}},"1":{"start":{"line":3,"column":2},"end":{"line":3,"column":33}},"2":{"start":{"line":4,"column":2},"end":{"line":4,"column":20}},"3":{"start":{"line":5,"column":2},"end":{"line":5,"column":14}},"4":{"start":{"line":8,"column":0},"end":{"line":11,"column":2}},"5":{"start":{"line":9,"column":2},"end":{"line":9,"column":70}},"6":{"start":{"line":9,"column":23},"end":{"line":9,"column":70}},"7":{"start":{"line":10,"column":2},"end":{"line":10,"column":28}},"8":{"start":{"line":13,"column":0},"end":{"line":15,"column":2}},"9":{"start":{"line":14,"column":2},"end":{"line":14,"column":43}},"10":{"start":{"line":17,"column":0},"end":{"line":32,"column":2}},"11":{"start":{"line":18,"column":2},"end":{"line":21,"column":3}},"12":{"start":{"line":19,"column":4},"end":{"line":19,"column":17}},"13":{"start":{"line":20,"column":4},"end":{"line":20,"column":17}},"14":{"start":{"line":23,"column":2},"end":{"line":23,"column":26}},"15":{"start":{"line":25,"column":2},"end":{"line":27,"column":3}},"16":{"start":{"line":26,"column":4},"end":{"line":26,"column":61}},"17":{"start":{"line":26,"column":27},"end":{"line":26,"column":61}},"18":{"start":{"line":29,"column":2},"end":{"line":29,"column":52}},"19":{"start":{"line":31,"column":2},"end":{"line":31,"column":14}},"20":{"start":{"line":34,"column":0},"end":{"line":36,"column":2}},"21":{"start":{"line":35,"column":2},"end":{"line":35,"column":37}},"22":{"start":{"line":38,"column":0},"end":{"line":38,"column":31}}},"fnMap":{"0":{"name":"(anonymous_0)","decl":{"start":{"line":2,"column":20},"end":{"line":2,"column":21}},"loc":{"start":{"line":2,"column":40},"end":{"line":6,"column":1}},"line":2},"1":{"name":"(anonymous_1)","decl":{"start":{"line":8,"column":30},"end":{"line":8,"column":31}},"loc":{"start":{"line":8,"column":46},"end":{"line":11,"column":1}},"line":8},"2":{"name":"(anonymous_2)","decl":{"start":{"line":13,"column":30},"end":{"line":13,"column":31}},"loc":{"start":{"line":13,"column":46},"end":{"line":15,"column":1}},"line":13},"3":{"name":"(anonymous_3)","decl":{"start":{"line":17,"column":30},"end":{"line":17,"column":31}},"loc":{"start":{"line":17,"column":59},"end":{"line":32,"column":1}},"line":17},"4":{"name":"(anonymous_4)","decl":{"start":{"line":34,"column":35},"end":{"line":34,"column":36}},"loc":{"start":{"line":34,"column":64},"end":{"line":36,"column":1}},"line":34}},"branchMap":{"0":{"loc":{"start":{"line":3,"column":18},"end":{"line":3,"column":32}},"type":"binary-expr","locations":[{"start":{"line":3,"column":18},"end":{"line":3,"column":26}},{"start":{"line":3,"column":30},"end":{"line":3,"column":32}}],"line":3},"1":{"loc":{"start":{"line":9,"column":2},"end":{"line":9,"column":70}},"type":"if","locations":[{"start":{"line":9,"column":2},"end":{"line":9,"column":70}},{"start":{"line":9,"column":2},"end":{"line":9,"column":70}}],"line":9},"2":{"loc":{"start":{"line":18,"column":2},"end":{"line":21,"column":3}},"type":"if","locations":[{"start":{"line":18,"column":2},"end":{"line":21,"column":3}},{"start":{"line":18,"column":2},"end":{"line":21,"column":3}}],"line":18},"3":{"loc":{"start":{"line":23,"column":12},"end":{"line":23,"column":25}},"type":"binary-expr","locations":[{"start":{"line":23,"column":12},"end":{"line":23,"column":19}},{"start":{"line":23,"column":23},"end":{"line":23,"column":25}}],"line":23},"4":{"loc":{"start":{"line":26,"column":4},"end":{"line":26,"column":61}},"type":"if","locations":[{"start":{"line":26,"column":4},"end":{"line":26,"column":61}},{"start":{"line":26,"column":4},"end":{"line":26,"column":61}}],"line":26}},"s":{"0":1,"1":2,"2":2,"3":2,"4":1,"5":797,"6":0,"7":797,"8":1,"9":2096,"10":1,"11":31,"12":25,"13":25,"14":31,"15":31,"16":18,"17":12,"18":31,"19":31,"20":1,"21":13,"22":1},"f":{"0":2,"1":797,"2":2096,"3":31,"4":13},"b":{"0":[2,1],"1":[0,797],"2":[25,6],"3":[31,0],"4":[12,6]},"_coverageSchema":"43e27e138ebf9cfc5966b082cf9a028302ed4184","hash":"aab95aae0ca1b98476cebc0c0a885dc61409852b","contentHash":"5edbc0fe39fa49def2f5acea4f78851a"},"/Users/brianmcbride/Development/me/feathers-arangodb/lib/mongo-aql/lib/query-builder.js":{"path":"/Users/brianmcbride/Development/me/feathers-arangodb/lib/mongo-aql/lib/query-builder.js","statementMap":{"0":{"start":{"line":2,"column":17},"end":{"line":2,"column":41}},"1":{"start":{"line":3,"column":19},"end":{"line":3,"column":45}},"2":{"start":{"line":4,"column":12},"end":{"line":4,"column":30}},"3":{"start":{"line":6,"column":0},"end":{"line":109,"column":2}},"4":{"start":{"line":9,"column":2},"end":{"line":11,"column":3}},"5":{"start":{"line":10,"column":4},"end":{"line":10,"column":57}},"6":{"start":{"line":13,"column":2},"end":{"line":15,"column":3}},"7":{"start":{"line":14,"column":4},"end":{"line":14,"column":35}},"8":{"start":{"line":17,"column":2},"end":{"line":19,"column":3}},"9":{"start":{"line":18,"column":4},"end":{"line":18,"column":35}},"10":{"start":{"line":21,"column":2},"end":{"line":23,"column":3}},"11":{"start":{"line":22,"column":4},"end":{"line":22,"column":49}},"12":{"start":{"line":27,"column":2},"end":{"line":27,"column":33}},"13":{"start":{"line":29,"column":2},"end":{"line":36,"column":3}},"14":{"start":{"line":30,"column":4},"end":{"line":35,"column":5}},"15":{"start":{"line":31,"column":6},"end":{"line":31,"column":30}},"16":{"start":{"line":33,"column":6},"end":{"line":33,"column":27}},"17":{"start":{"line":34,"column":6},"end":{"line":34,"column":17}},"18":{"start":{"line":38,"column":2},"end":{"line":40,"column":3}},"19":{"start":{"line":39,"column":4},"end":{"line":39,"column":14}},"20":{"start":{"line":43,"column":2},"end":{"line":106,"column":3}},"21":{"start":{"line":44,"column":4},"end":{"line":48,"column":6}},"22":{"start":{"line":51,"column":4},"end":{"line":62,"column":5}},"23":{"start":{"line":52,"column":6},"end":{"line":61,"column":7}},"24":{"start":{"line":53,"column":8},"end":{"line":53,"column":47}},"25":{"start":{"line":54,"column":8},"end":{"line":54,"column":31}},"26":{"start":{"line":55,"column":13},"end":{"line":61,"column":7}},"27":{"start":{"line":56,"column":8},"end":{"line":56,"column":46}},"28":{"start":{"line":57,"column":8},"end":{"line":57,"column":31}},"29":{"start":{"line":58,"column":13},"end":{"line":61,"column":7}},"30":{"start":{"line":59,"column":8},"end":{"line":59,"column":46}},"31":{"start":{"line":60,"column":8},"end":{"line":60,"column":31}},"32":{"start":{"line":64,"column":4},"end":{"line":64,"column":22}},"33":{"start":{"line":66,"column":4},"end":{"line":71,"column":5}},"34":{"start":{"line":67,"column":6},"end":{"line":70,"column":7}},"35":{"start":{"line":68,"column":8},"end":{"line":68,"column":35}},"36":{"start":{"line":69,"column":8},"end":{"line":69,"column":25}},"37":{"start":{"line":74,"column":4},"end":{"line":74,"column":23}},"38":{"start":{"line":76,"column":4},"end":{"line":81,"column":6}},"39":{"start":{"line":84,"column":4},"end":{"line":102,"column":5}},"40":{"start":{"line":85,"column":6},"end":{"line":101,"column":7}},"41":{"start":{"line":86,"column":8},"end":{"line":86,"column":35}},"42":{"start":{"line":87,"column":8},"end":{"line":87,"column":25}},"43":{"start":{"line":88,"column":13},"end":{"line":101,"column":7}},"44":{"start":{"line":89,"column":8},"end":{"line":94,"column":9}},"45":{"start":{"line":90,"column":10},"end":{"line":90,"column":56}},"46":{"start":{"line":91,"column":10},"end":{"line":91,"column":31}},"47":{"start":{"line":93,"column":10},"end":{"line":93,"column":37}},"48":{"start":{"line":96,"column":8},"end":{"line":96,"column":25}},"49":{"start":{"line":97,"column":13},"end":{"line":101,"column":7}},"50":{"start":{"line":98,"column":8},"end":{"line":98,"column":40}},"51":{"start":{"line":99,"column":8},"end":{"line":99,"column":75}},"52":{"start":{"line":100,"column":8},"end":{"line":100,"column":25}},"53":{"start":{"line":105,"column":4},"end":{"line":105,"column":23}},"54":{"start":{"line":108,"column":2},"end":{"line":108,"column":22}},"55":{"start":{"line":118,"column":2},"end":{"line":123,"column":3}},"56":{"start":{"line":119,"column":4},"end":{"line":119,"column":30}},"57":{"start":{"line":120,"column":9},"end":{"line":123,"column":3}},"58":{"start":{"line":121,"column":4},"end":{"line":121,"column":32}},"59":{"start":{"line":122,"column":4},"end":{"line":122,"column":28}},"60":{"start":{"line":126,"column":11},"end":{"line":126,"column":37}},"61":{"start":{"line":127,"column":14},"end":{"line":127,"column":39}},"62":{"start":{"line":129,"column":2},"end":{"line":129,"column":24}},"63":{"start":{"line":130,"column":2},"end":{"line":130,"column":37}},"64":{"start":{"line":131,"column":2},"end":{"line":131,"column":24}},"65":{"start":{"line":133,"column":2},"end":{"line":142,"column":3}},"66":{"start":{"line":137,"column":4},"end":{"line":141,"column":6}},"67":{"start":{"line":144,"column":15},"end":{"line":147,"column":3}},"68":{"start":{"line":150,"column":2},"end":{"line":150,"column":16}}},"fnMap":{"0":{"name":"(anonymous_0)","decl":{"start":{"line":6,"column":17},"end":{"line":6,"column":18}},"loc":{"start":{"line":6,"column":45},"end":{"line":109,"column":1}},"line":6},"1":{"name":"build","decl":{"start":{"line":117,"column":9},"end":{"line":117,"column":14}},"loc":{"start":{"line":117,"column":31},"end":{"line":151,"column":1}},"line":117}},"branchMap":{"0":{"loc":{"start":{"line":9,"column":2},"end":{"line":11,"column":3}},"type":"if","locations":[{"start":{"line":9,"column":2},"end":{"line":11,"column":3}},{"start":{"line":9,"column":2},"end":{"line":11,"column":3}}],"line":9},"1":{"loc":{"start":{"line":9,"column":6},"end":{"line":9,"column":73}},"type":"binary-expr","locations":[{"start":{"line":9,"column":6},"end":{"line":9,"column":36}},{"start":{"line":9,"column":40},"end":{"line":9,"column":51}},{"start":{"line":9,"column":55},"end":{"line":9,"column":73}}],"line":9},"2":{"loc":{"start":{"line":13,"column":2},"end":{"line":15,"column":3}},"type":"if","locations":[{"start":{"line":13,"column":2},"end":{"line":15,"column":3}},{"start":{"line":13,"column":2},"end":{"line":15,"column":3}}],"line":13},"3":{"loc":{"start":{"line":13,"column":6},"end":{"line":13,"column":40}},"type":"binary-expr","locations":[{"start":{"line":13,"column":6},"end":{"line":13,"column":31}},{"start":{"line":13,"column":35},"end":{"line":13,"column":40}}],"line":13},"4":{"loc":{"start":{"line":17,"column":2},"end":{"line":19,"column":3}},"type":"if","locations":[{"start":{"line":17,"column":2},"end":{"line":19,"column":3}},{"start":{"line":17,"column":2},"end":{"line":19,"column":3}}],"line":17},"5":{"loc":{"start":{"line":17,"column":6},"end":{"line":17,"column":40}},"type":"binary-expr","locations":[{"start":{"line":17,"column":6},"end":{"line":17,"column":31}},{"start":{"line":17,"column":35},"end":{"line":17,"column":40}}],"line":17},"6":{"loc":{"start":{"line":21,"column":2},"end":{"line":23,"column":3}},"type":"if","locations":[{"start":{"line":21,"column":2},"end":{"line":23,"column":3}},{"start":{"line":21,"column":2},"end":{"line":23,"column":3}}],"line":21},"7":{"loc":{"start":{"line":29,"column":2},"end":{"line":36,"column":3}},"type":"if","locations":[{"start":{"line":29,"column":2},"end":{"line":36,"column":3}},{"start":{"line":29,"column":2},"end":{"line":36,"column":3}}],"line":29},"8":{"loc":{"start":{"line":38,"column":2},"end":{"line":40,"column":3}},"type":"if","locations":[{"start":{"line":38,"column":2},"end":{"line":40,"column":3}},{"start":{"line":38,"column":2},"end":{"line":40,"column":3}}],"line":38},"9":{"loc":{"start":{"line":43,"column":2},"end":{"line":106,"column":3}},"type":"if","locations":[{"start":{"line":43,"column":2},"end":{"line":106,"column":3}},{"start":{"line":43,"column":2},"end":{"line":106,"column":3}}],"line":43},"10":{"loc":{"start":{"line":52,"column":6},"end":{"line":61,"column":7}},"type":"if","locations":[{"start":{"line":52,"column":6},"end":{"line":61,"column":7}},{"start":{"line":52,"column":6},"end":{"line":61,"column":7}}],"line":52},"11":{"loc":{"start":{"line":55,"column":13},"end":{"line":61,"column":7}},"type":"if","locations":[{"start":{"line":55,"column":13},"end":{"line":61,"column":7}},{"start":{"line":55,"column":13},"end":{"line":61,"column":7}}],"line":55},"12":{"loc":{"start":{"line":58,"column":13},"end":{"line":61,"column":7}},"type":"if","locations":[{"start":{"line":58,"column":13},"end":{"line":61,"column":7}},{"start":{"line":58,"column":13},"end":{"line":61,"column":7}}],"line":58},"13":{"loc":{"start":{"line":67,"column":6},"end":{"line":70,"column":7}},"type":"if","locations":[{"start":{"line":67,"column":6},"end":{"line":70,"column":7}},{"start":{"line":67,"column":6},"end":{"line":70,"column":7}}],"line":67},"14":{"loc":{"start":{"line":85,"column":6},"end":{"line":101,"column":7}},"type":"if","locations":[{"start":{"line":85,"column":6},"end":{"line":101,"column":7}},{"start":{"line":85,"column":6},"end":{"line":101,"column":7}}],"line":85},"15":{"loc":{"start":{"line":88,"column":13},"end":{"line":101,"column":7}},"type":"if","locations":[{"start":{"line":88,"column":13},"end":{"line":101,"column":7}},{"start":{"line":88,"column":13},"end":{"line":101,"column":7}}],"line":88},"16":{"loc":{"start":{"line":89,"column":8},"end":{"line":94,"column":9}},"type":"if","locations":[{"start":{"line":89,"column":8},"end":{"line":94,"column":9}},{"start":{"line":89,"column":8},"end":{"line":94,"column":9}}],"line":89},"17":{"loc":{"start":{"line":97,"column":13},"end":{"line":101,"column":7}},"type":"if","locations":[{"start":{"line":97,"column":13},"end":{"line":101,"column":7}},{"start":{"line":97,"column":13},"end":{"line":101,"column":7}}],"line":97},"18":{"loc":{"start":{"line":98,"column":22},"end":{"line":98,"column":39}},"type":"binary-expr","locations":[{"start":{"line":98,"column":22},"end":{"line":98,"column":33}},{"start":{"line":98,"column":37},"end":{"line":98,"column":39}}],"line":98},"19":{"loc":{"start":{"line":118,"column":2},"end":{"line":123,"column":3}},"type":"if","locations":[{"start":{"line":118,"column":2},"end":{"line":123,"column":3}},{"start":{"line":118,"column":2},"end":{"line":123,"column":3}}],"line":118},"20":{"loc":{"start":{"line":120,"column":9},"end":{"line":123,"column":3}},"type":"if","locations":[{"start":{"line":120,"column":9},"end":{"line":123,"column":3}},{"start":{"line":120,"column":9},"end":{"line":123,"column":3}}],"line":120},"21":{"loc":{"start":{"line":129,"column":11},"end":{"line":129,"column":23}},"type":"binary-expr","locations":[{"start":{"line":129,"column":11},"end":{"line":129,"column":17}},{"start":{"line":129,"column":21},"end":{"line":129,"column":23}}],"line":129},"22":{"loc":{"start":{"line":139,"column":8},"end":{"line":140,"column":66}},"type":"cond-expr","locations":[{"start":{"line":140,"column":10},"end":{"line":140,"column":61}},{"start":{"line":140,"column":64},"end":{"line":140,"column":66}}],"line":139},"23":{"loc":{"start":{"line":139,"column":8},"end":{"line":139,"column":96}},"type":"binary-expr","locations":[{"start":{"line":139,"column":8},"end":{"line":139,"column":82}},{"start":{"line":139,"column":86},"end":{"line":139,"column":96}}],"line":139}},"s":{"0":1,"1":1,"2":1,"3":1,"4":151,"5":0,"6":151,"7":0,"8":151,"9":0,"10":151,"11":0,"12":151,"13":151,"14":0,"15":0,"16":0,"17":0,"18":151,"19":0,"20":151,"21":2,"22":2,"23":6,"24":2,"25":2,"26":4,"27":2,"28":2,"29":2,"30":2,"31":2,"32":2,"33":2,"34":3,"35":1,"36":1,"37":2,"38":149,"39":149,"40":140,"41":19,"42":19,"43":121,"44":10,"45":4,"46":4,"47":6,"48":10,"49":111,"50":0,"51":0,"52":0,"53":149,"54":151,"55":151,"56":0,"57":151,"58":0,"59":0,"60":151,"61":151,"62":151,"63":151,"64":151,"65":151,"66":1059,"67":151,"68":151},"f":{"0":151,"1":151},"b":{"0":[0,151],"1":[151,151,151],"2":[0,151],"3":[151,151],"4":[0,151],"5":[151,151],"6":[0,151],"7":[0,151],"8":[0,151],"9":[2,149],"10":[2,4],"11":[2,2],"12":[2,0],"13":[1,2],"14":[19,121],"15":[10,111],"16":[4,6],"17":[0,111],"18":[0,0],"19":[0,151],"20":[0,151],"21":[151,151],"22":[640,419],"23":[1059,1059]},"_coverageSchema":"43e27e138ebf9cfc5966b082cf9a028302ed4184","hash":"90dc20e65cb06f241df60ea5724bf6c62c895cc0","contentHash":"83661959a4b12445f6e916bfc584cddb"},"/Users/brianmcbride/Development/me/feathers-arangodb/lib/mongo-aql/lib/utils.js":{"path":"/Users/brianmcbride/Development/me/feathers-arangodb/lib/mongo-aql/lib/utils.js","statementMap":{"0":{"start":{"line":2,"column":12},"end":{"line":2,"column":31}},"1":{"start":{"line":3,"column":11},"end":{"line":6,"column":1}},"2":{"start":{"line":8,"column":0},"end":{"line":23,"column":2}},"3":{"start":{"line":9,"column":2},"end":{"line":9,"column":24}},"4":{"start":{"line":11,"column":2},"end":{"line":22,"column":3}},"5":{"start":{"line":12,"column":4},"end":{"line":12,"column":13}},"6":{"start":{"line":13,"column":4},"end":{"line":15,"column":5}},"7":{"start":{"line":14,"column":6},"end":{"line":14,"column":55}},"8":{"start":{"line":17,"column":4},"end":{"line":17,"column":25}},"9":{"start":{"line":19,"column":18},"end":{"line":19,"column":59}},"10":{"start":{"line":20,"column":4},"end":{"line":20,"column":123}},"11":{"start":{"line":21,"column":4},"end":{"line":21,"column":25}},"12":{"start":{"line":25,"column":0},"end":{"line":32,"column":2}},"13":{"start":{"line":26,"column":2},"end":{"line":26,"column":24}},"14":{"start":{"line":28,"column":16},"end":{"line":28,"column":58}},"15":{"start":{"line":29,"column":2},"end":{"line":29,"column":121}},"16":{"start":{"line":31,"column":2},"end":{"line":31,"column":23}},"17":{"start":{"line":34,"column":0},"end":{"line":41,"column":2}},"18":{"start":{"line":35,"column":2},"end":{"line":35,"column":24}},"19":{"start":{"line":37,"column":16},"end":{"line":37,"column":57}},"20":{"start":{"line":38,"column":2},"end":{"line":38,"column":26}},"21":{"start":{"line":40,"column":2},"end":{"line":40,"column":23}},"22":{"start":{"line":43,"column":0},"end":{"line":50,"column":2}},"23":{"start":{"line":44,"column":2},"end":{"line":44,"column":66}},"24":{"start":{"line":44,"column":34},"end":{"line":44,"column":66}},"25":{"start":{"line":46,"column":2},"end":{"line":46,"column":64}},"26":{"start":{"line":47,"column":2},"end":{"line":47,"column":85}},"27":{"start":{"line":47,"column":23},"end":{"line":47,"column":85}},"28":{"start":{"line":48,"column":2},"end":{"line":48,"column":64}},"29":{"start":{"line":48,"column":38},"end":{"line":48,"column":64}},"30":{"start":{"line":49,"column":2},"end":{"line":49,"column":65}},"31":{"start":{"line":52,"column":0},"end":{"line":116,"column":2}},"32":{"start":{"line":54,"column":13},"end":{"line":54,"column":53}},"33":{"start":{"line":59,"column":19},"end":{"line":59,"column":40}},"34":{"start":{"line":62,"column":2},"end":{"line":70,"column":3}},"35":{"start":{"line":63,"column":4},"end":{"line":69,"column":5}},"36":{"start":{"line":64,"column":6},"end":{"line":64,"column":33}},"37":{"start":{"line":65,"column":6},"end":{"line":65,"column":24}},"38":{"start":{"line":66,"column":6},"end":{"line":68,"column":9}},"39":{"start":{"line":67,"column":8},"end":{"line":67,"column":29}},"40":{"start":{"line":73,"column":2},"end":{"line":78,"column":3}},"41":{"start":{"line":74,"column":4},"end":{"line":77,"column":40}},"42":{"start":{"line":81,"column":2},"end":{"line":100,"column":3}},"43":{"start":{"line":82,"column":20},"end":{"line":82,"column":58}},"44":{"start":{"line":85,"column":4},"end":{"line":99,"column":7}},"45":{"start":{"line":89,"column":6},"end":{"line":89,"column":79}},"46":{"start":{"line":89,"column":19},"end":{"line":89,"column":79}},"47":{"start":{"line":91,"column":6},"end":{"line":93,"column":7}},"48":{"start":{"line":92,"column":8},"end":{"line":92,"column":32}},"49":{"start":{"line":95,"column":6},"end":{"line":95,"column":18}},"50":{"start":{"line":98,"column":6},"end":{"line":98,"column":47}},"51":{"start":{"line":103,"column":2},"end":{"line":115,"column":64}},"52":{"start":{"line":103,"column":48},"end":{"line":103,"column":98}},"53":{"start":{"line":106,"column":7},"end":{"line":115,"column":64}},"54":{"start":{"line":106,"column":40},"end":{"line":106,"column":53}},"55":{"start":{"line":109,"column":7},"end":{"line":115,"column":64}},"56":{"start":{"line":109,"column":39},"end":{"line":109,"column":80}},"57":{"start":{"line":112,"column":7},"end":{"line":115,"column":64}},"58":{"start":{"line":112,"column":40},"end":{"line":112,"column":107}},"59":{"start":{"line":115,"column":9},"end":{"line":115,"column":62}},"60":{"start":{"line":118,"column":0},"end":{"line":121,"column":2}},"61":{"start":{"line":119,"column":12},"end":{"line":119,"column":27}},"62":{"start":{"line":119,"column":38},"end":{"line":119,"column":85}},"63":{"start":{"line":120,"column":2},"end":{"line":120,"column":45}},"64":{"start":{"line":127,"column":0},"end":{"line":130,"column":2}},"65":{"start":{"line":128,"column":13},"end":{"line":128,"column":53}},"66":{"start":{"line":129,"column":2},"end":{"line":129,"column":45}},"67":{"start":{"line":129,"column":23},"end":{"line":129,"column":42}}},"fnMap":{"0":{"name":"(anonymous_0)","decl":{"start":{"line":8,"column":15},"end":{"line":8,"column":16}},"loc":{"start":{"line":8,"column":64},"end":{"line":23,"column":1}},"line":8},"1":{"name":"(anonymous_1)","decl":{"start":{"line":25,"column":20},"end":{"line":25,"column":21}},"loc":{"start":{"line":25,"column":69},"end":{"line":32,"column":1}},"line":25},"2":{"name":"(anonymous_2)","decl":{"start":{"line":34,"column":20},"end":{"line":34,"column":21}},"loc":{"start":{"line":34,"column":53},"end":{"line":41,"column":1}},"line":34},"3":{"name":"(anonymous_3)","decl":{"start":{"line":43,"column":21},"end":{"line":43,"column":22}},"loc":{"start":{"line":43,"column":62},"end":{"line":50,"column":1}},"line":43},"4":{"name":"(anonymous_4)","decl":{"start":{"line":52,"column":40},"end":{"line":52,"column":41}},"loc":{"start":{"line":52,"column":69},"end":{"line":116,"column":1}},"line":52},"5":{"name":"(anonymous_5)","decl":{"start":{"line":66,"column":20},"end":{"line":66,"column":21}},"loc":{"start":{"line":66,"column":33},"end":{"line":68,"column":7}},"line":66},"6":{"name":"(anonymous_6)","decl":{"start":{"line":88,"column":10},"end":{"line":88,"column":11}},"loc":{"start":{"line":88,"column":29},"end":{"line":97,"column":5}},"line":88},"7":{"name":"(anonymous_7)","decl":{"start":{"line":97,"column":14},"end":{"line":97,"column":15}},"loc":{"start":{"line":97,"column":33},"end":{"line":99,"column":5}},"line":97},"8":{"name":"(anonymous_8)","decl":{"start":{"line":118,"column":19},"end":{"line":118,"column":20}},"loc":{"start":{"line":118,"column":36},"end":{"line":121,"column":1}},"line":118},"9":{"name":"(anonymous_9)","decl":{"start":{"line":127,"column":13},"end":{"line":127,"column":14}},"loc":{"start":{"line":127,"column":27},"end":{"line":130,"column":1}},"line":127},"10":{"name":"(anonymous_10)","decl":{"start":{"line":129,"column":9},"end":{"line":129,"column":10}},"loc":{"start":{"line":129,"column":21},"end":{"line":129,"column":44}},"line":129}},"branchMap":{"0":{"loc":{"start":{"line":9,"column":11},"end":{"line":9,"column":23}},"type":"binary-expr","locations":[{"start":{"line":9,"column":11},"end":{"line":9,"column":17}},{"start":{"line":9,"column":21},"end":{"line":9,"column":23}}],"line":9},"1":{"loc":{"start":{"line":11,"column":2},"end":{"line":22,"column":3}},"type":"if","locations":[{"start":{"line":11,"column":2},"end":{"line":22,"column":3}},{"start":{"line":11,"column":2},"end":{"line":22,"column":3}}],"line":11},"2":{"loc":{"start":{"line":20,"column":22},"end":{"line":20,"column":122}},"type":"cond-expr","locations":[{"start":{"line":20,"column":98},"end":{"line":20,"column":114}},{"start":{"line":20,"column":117},"end":{"line":20,"column":122}}],"line":20},"3":{"loc":{"start":{"line":20,"column":22},"end":{"line":20,"column":95}},"type":"binary-expr","locations":[{"start":{"line":20,"column":22},"end":{"line":20,"column":37}},{"start":{"line":20,"column":41},"end":{"line":20,"column":66}},{"start":{"line":20,"column":70},"end":{"line":20,"column":95}}],"line":20},"4":{"loc":{"start":{"line":26,"column":11},"end":{"line":26,"column":23}},"type":"binary-expr","locations":[{"start":{"line":26,"column":11},"end":{"line":26,"column":17}},{"start":{"line":26,"column":21},"end":{"line":26,"column":23}}],"line":26},"5":{"loc":{"start":{"line":29,"column":20},"end":{"line":29,"column":120}},"type":"cond-expr","locations":[{"start":{"line":29,"column":96},"end":{"line":29,"column":112}},{"start":{"line":29,"column":115},"end":{"line":29,"column":120}}],"line":29},"6":{"loc":{"start":{"line":29,"column":20},"end":{"line":29,"column":93}},"type":"binary-expr","locations":[{"start":{"line":29,"column":20},"end":{"line":29,"column":35}},{"start":{"line":29,"column":39},"end":{"line":29,"column":64}},{"start":{"line":29,"column":68},"end":{"line":29,"column":93}}],"line":29},"7":{"loc":{"start":{"line":35,"column":11},"end":{"line":35,"column":23}},"type":"binary-expr","locations":[{"start":{"line":35,"column":11},"end":{"line":35,"column":17}},{"start":{"line":35,"column":21},"end":{"line":35,"column":23}}],"line":35},"8":{"loc":{"start":{"line":44,"column":2},"end":{"line":44,"column":66}},"type":"if","locations":[{"start":{"line":44,"column":2},"end":{"line":44,"column":66}},{"start":{"line":44,"column":2},"end":{"line":44,"column":66}}],"line":44},"9":{"loc":{"start":{"line":44,"column":41},"end":{"line":44,"column":65}},"type":"cond-expr","locations":[{"start":{"line":44,"column":49},"end":{"line":44,"column":55}},{"start":{"line":44,"column":58},"end":{"line":44,"column":65}}],"line":44},"10":{"loc":{"start":{"line":47,"column":2},"end":{"line":47,"column":85}},"type":"if","locations":[{"start":{"line":47,"column":2},"end":{"line":47,"column":85}},{"start":{"line":47,"column":2},"end":{"line":47,"column":85}}],"line":47},"11":{"loc":{"start":{"line":48,"column":2},"end":{"line":48,"column":64}},"type":"if","locations":[{"start":{"line":48,"column":2},"end":{"line":48,"column":64}},{"start":{"line":48,"column":2},"end":{"line":48,"column":64}}],"line":48},"12":{"loc":{"start":{"line":59,"column":19},"end":{"line":59,"column":40}},"type":"binary-expr","locations":[{"start":{"line":59,"column":19},"end":{"line":59,"column":31}},{"start":{"line":59,"column":35},"end":{"line":59,"column":40}}],"line":59},"13":{"loc":{"start":{"line":63,"column":4},"end":{"line":69,"column":5}},"type":"if","locations":[{"start":{"line":63,"column":4},"end":{"line":69,"column":5}},{"start":{"line":63,"column":4},"end":{"line":69,"column":5}}],"line":63},"14":{"loc":{"start":{"line":73,"column":2},"end":{"line":78,"column":3}},"type":"if","locations":[{"start":{"line":73,"column":2},"end":{"line":78,"column":3}},{"start":{"line":73,"column":2},"end":{"line":78,"column":3}}],"line":73},"15":{"loc":{"start":{"line":81,"column":2},"end":{"line":100,"column":3}},"type":"if","locations":[{"start":{"line":81,"column":2},"end":{"line":100,"column":3}},{"start":{"line":81,"column":2},"end":{"line":100,"column":3}}],"line":81},"16":{"loc":{"start":{"line":89,"column":6},"end":{"line":89,"column":79}},"type":"if","locations":[{"start":{"line":89,"column":6},"end":{"line":89,"column":79}},{"start":{"line":89,"column":6},"end":{"line":89,"column":79}}],"line":89},"17":{"loc":{"start":{"line":91,"column":6},"end":{"line":93,"column":7}},"type":"if","locations":[{"start":{"line":91,"column":6},"end":{"line":93,"column":7}},{"start":{"line":91,"column":6},"end":{"line":93,"column":7}}],"line":91},"18":{"loc":{"start":{"line":91,"column":10},"end":{"line":91,"column":64}},"type":"binary-expr","locations":[{"start":{"line":91,"column":10},"end":{"line":91,"column":36}},{"start":{"line":91,"column":40},"end":{"line":91,"column":64}}],"line":91},"19":{"loc":{"start":{"line":103,"column":2},"end":{"line":115,"column":64}},"type":"if","locations":[{"start":{"line":103,"column":2},"end":{"line":115,"column":64}},{"start":{"line":103,"column":2},"end":{"line":115,"column":64}}],"line":103},"20":{"loc":{"start":{"line":103,"column":6},"end":{"line":103,"column":44}},"type":"binary-expr","locations":[{"start":{"line":103,"column":6},"end":{"line":103,"column":30}},{"start":{"line":103,"column":34},"end":{"line":103,"column":44}}],"line":103},"21":{"loc":{"start":{"line":106,"column":7},"end":{"line":115,"column":64}},"type":"if","locations":[{"start":{"line":106,"column":7},"end":{"line":115,"column":64}},{"start":{"line":106,"column":7},"end":{"line":115,"column":64}}],"line":106},"22":{"loc":{"start":{"line":109,"column":7},"end":{"line":115,"column":64}},"type":"if","locations":[{"start":{"line":109,"column":7},"end":{"line":115,"column":64}},{"start":{"line":109,"column":7},"end":{"line":115,"column":64}}],"line":109},"23":{"loc":{"start":{"line":112,"column":7},"end":{"line":115,"column":64}},"type":"if","locations":[{"start":{"line":112,"column":7},"end":{"line":115,"column":64}},{"start":{"line":112,"column":7},"end":{"line":115,"column":64}}],"line":112},"24":{"loc":{"start":{"line":119,"column":38},"end":{"line":119,"column":85}},"type":"binary-expr","locations":[{"start":{"line":119,"column":38},"end":{"line":119,"column":61}},{"start":{"line":119,"column":66},"end":{"line":119,"column":73}},{"start":{"line":119,"column":77},"end":{"line":119,"column":84}}],"line":119},"25":{"loc":{"start":{"line":120,"column":9},"end":{"line":120,"column":44}},"type":"cond-expr","locations":[{"start":{"line":120,"column":17},"end":{"line":120,"column":22}},{"start":{"line":120,"column":25},"end":{"line":120,"column":44}}],"line":120}},"s":{"0":1,"1":1,"2":1,"3":351,"4":351,"5":55,"6":55,"7":61,"8":55,"9":296,"10":296,"11":296,"12":1,"13":151,"14":151,"15":151,"16":151,"17":1,"18":10,"19":10,"20":10,"21":10,"22":1,"23":197,"24":14,"25":183,"26":0,"27":0,"28":0,"29":0,"30":0,"31":1,"32":0,"33":0,"34":0,"35":0,"36":0,"37":0,"38":0,"39":0,"40":0,"41":0,"42":0,"43":0,"44":0,"45":0,"46":0,"47":0,"48":0,"49":0,"50":0,"51":0,"52":0,"53":0,"54":0,"55":0,"56":0,"57":0,"58":0,"59":0,"60":1,"61":0,"62":0,"63":0,"64":1,"65":0,"66":0,"67":0},"f":{"0":351,"1":151,"2":10,"3":197,"4":0,"5":0,"6":0,"7":0,"8":0,"9":0,"10":0},"b":{"0":[351,351],"1":[55,296],"2":[0,296],"3":[296,185,169],"4":[151,151],"5":[0,151],"6":[151,151,151],"7":[10,10],"8":[14,183],"9":[12,2],"10":[0,0],"11":[0,0],"12":[0,0],"13":[0,0],"14":[0,0],"15":[0,0],"16":[0,0],"17":[0,0],"18":[0,0],"19":[0,0],"20":[0,0],"21":[0,0],"22":[0,0],"23":[0,0],"24":[0,0,0],"25":[0,0]},"_coverageSchema":"43e27e138ebf9cfc5966b082cf9a028302ed4184","hash":"21f40f87a6bc6a48bf1216aa293319e0ef6fd941","contentHash":"5b5aff56104a11390c28785a92c446bb"},"/Users/brianmcbride/Development/me/feathers-arangodb/lib/mongo-aql/helpers/query/order.js":{"path":"/Users/brianmcbride/Development/me/feathers-arangodb/lib/mongo-aql/helpers/query/order.js","statementMap":{"0":{"start":{"line":1,"column":14},"end":{"line":1,"column":48}},"1":{"start":{"line":2,"column":12},"end":{"line":2,"column":38}},"2":{"start":{"line":4,"column":0},"end":{"line":18,"column":3}},"3":{"start":{"line":5,"column":2},"end":{"line":7,"column":3}},"4":{"start":{"line":6,"column":4},"end":{"line":6,"column":91}},"5":{"start":{"line":9,"column":15},"end":{"line":9,"column":22}},"6":{"start":{"line":11,"column":2},"end":{"line":13,"column":3}},"7":{"start":{"line":12,"column":4},"end":{"line":12,"column":120}},"8":{"start":{"line":15,"column":2},"end":{"line":15,"column":36}},"9":{"start":{"line":15,"column":26},"end":{"line":15,"column":36}},"10":{"start":{"line":17,"column":2},"end":{"line":17,"column":48}}},"fnMap":{"0":{"name":"(anonymous_0)","decl":{"start":{"line":4,"column":26},"end":{"line":4,"column":27}},"loc":{"start":{"line":4,"column":58},"end":{"line":18,"column":1}},"line":4}},"branchMap":{"0":{"loc":{"start":{"line":5,"column":2},"end":{"line":7,"column":3}},"type":"if","locations":[{"start":{"line":5,"column":2},"end":{"line":7,"column":3}},{"start":{"line":5,"column":2},"end":{"line":7,"column":3}}],"line":5},"1":{"loc":{"start":{"line":12,"column":78},"end":{"line":12,"column":111}},"type":"cond-expr","locations":[{"start":{"line":12,"column":97},"end":{"line":12,"column":102}},{"start":{"line":12,"column":105},"end":{"line":12,"column":111}}],"line":12},"2":{"loc":{"start":{"line":15,"column":2},"end":{"line":15,"column":36}},"type":"if","locations":[{"start":{"line":15,"column":2},"end":{"line":15,"column":36}},{"start":{"line":15,"column":2},"end":{"line":15,"column":36}}],"line":15}},"s":{"0":1,"1":1,"2":1,"3":20,"4":0,"5":20,"6":20,"7":20,"8":20,"9":0,"10":20},"f":{"0":20},"b":{"0":[0,20],"1":[14,6],"2":[0,20]},"_coverageSchema":"43e27e138ebf9cfc5966b082cf9a028302ed4184","hash":"aca19b4d4282ed546223c6920284b2e353a8d0dd","contentHash":"7fcd3a8fc98cf0283af3cfcc1939d818"},"/Users/brianmcbride/Development/me/feathers-arangodb/lib/mongo-aql/helpers/query/limit.js":{"path":"/Users/brianmcbride/Development/me/feathers-arangodb/lib/mongo-aql/helpers/query/limit.js","statementMap":{"0":{"start":{"line":2,"column":14},"end":{"line":2,"column":48}},"1":{"start":{"line":3,"column":12},"end":{"line":3,"column":38}},"2":{"start":{"line":5,"column":0},"end":{"line":9,"column":3}},"3":{"start":{"line":6,"column":2},"end":{"line":8,"column":220}},"4":{"start":{"line":7,"column":4},"end":{"line":7,"column":94}},"5":{"start":{"line":8,"column":9},"end":{"line":8,"column":220}},"6":{"start":{"line":8,"column":42},"end":{"line":8,"column":89}},"7":{"start":{"line":8,"column":99},"end":{"line":8,"column":218}}},"fnMap":{"0":{"name":"(anonymous_0)","decl":{"start":{"line":5,"column":26},"end":{"line":5,"column":27}},"loc":{"start":{"line":5,"column":58},"end":{"line":9,"column":1}},"line":5}},"branchMap":{"0":{"loc":{"start":{"line":6,"column":2},"end":{"line":8,"column":220}},"type":"if","locations":[{"start":{"line":6,"column":2},"end":{"line":8,"column":220}},{"start":{"line":6,"column":2},"end":{"line":8,"column":220}}],"line":6},"1":{"loc":{"start":{"line":6,"column":6},"end":{"line":6,"column":112}},"type":"binary-expr","locations":[{"start":{"line":6,"column":6},"end":{"line":6,"column":26}},{"start":{"line":6,"column":30},"end":{"line":6,"column":48}},{"start":{"line":6,"column":52},"end":{"line":6,"column":80}},{"start":{"line":6,"column":84},"end":{"line":6,"column":112}}],"line":6},"2":{"loc":{"start":{"line":8,"column":9},"end":{"line":8,"column":220}},"type":"if","locations":[{"start":{"line":8,"column":9},"end":{"line":8,"column":220}},{"start":{"line":8,"column":9},"end":{"line":8,"column":220}}],"line":8}},"s":{"0":1,"1":1,"2":1,"3":10,"4":4,"5":6,"6":6,"7":0},"f":{"0":10},"b":{"0":[4,6],"1":[10,4,4,4],"2":[6,0]},"_coverageSchema":"43e27e138ebf9cfc5966b082cf9a028302ed4184","hash":"3b27d4b00983edcb60b4038342993d8fa5a0f097","contentHash":"c10904e3c426ed441f21422d4afd63e7"},"/Users/brianmcbride/Development/me/feathers-arangodb/lib/mongo-aql/helpers/query/embed.js":{"path":"/Users/brianmcbride/Development/me/feathers-arangodb/lib/mongo-aql/helpers/query/embed.js","statementMap":{"0":{"start":{"line":2,"column":16},"end":{"line":2,"column":50}},"1":{"start":{"line":3,"column":14},"end":{"line":3,"column":40}},"2":{"start":{"line":5,"column":0},"end":{"line":17,"column":3}},"3":{"start":{"line":6,"column":12},"end":{"line":6,"column":14}},"4":{"start":{"line":8,"column":2},"end":{"line":14,"column":3}},"5":{"start":{"line":9,"column":4},"end":{"line":13,"column":5}},"6":{"start":{"line":10,"column":6},"end":{"line":10,"column":31}},"7":{"start":{"line":11,"column":6},"end":{"line":11,"column":56}},"8":{"start":{"line":12,"column":6},"end":{"line":12,"column":161}},"9":{"start":{"line":16,"column":2},"end":{"line":16,"column":13}}},"fnMap":{"0":{"name":"(anonymous_0)","decl":{"start":{"line":5,"column":26},"end":{"line":5,"column":27}},"loc":{"start":{"line":5,"column":58},"end":{"line":17,"column":1}},"line":5}},"branchMap":{"0":{"loc":{"start":{"line":8,"column":2},"end":{"line":14,"column":3}},"type":"if","locations":[{"start":{"line":8,"column":2},"end":{"line":14,"column":3}},{"start":{"line":8,"column":2},"end":{"line":14,"column":3}}],"line":8},"1":{"loc":{"start":{"line":8,"column":6},"end":{"line":8,"column":27}},"type":"binary-expr","locations":[{"start":{"line":8,"column":6},"end":{"line":8,"column":11}},{"start":{"line":8,"column":15},"end":{"line":8,"column":27}}],"line":8}},"s":{"0":1,"1":1,"2":1,"3":0,"4":0,"5":0,"6":0,"7":0,"8":0,"9":0},"f":{"0":0},"b":{"0":[0,0],"1":[0,0]},"_coverageSchema":"43e27e138ebf9cfc5966b082cf9a028302ed4184","hash":"69768107540e2f9edf454529ad2eab0fed6e6862","contentHash":"de2a6b6cd3fdd001b3e4448c774c075c"},"/Users/brianmcbride/Development/me/feathers-arangodb/lib/mongo-aql/helpers/query/offset.js":{"path":"/Users/brianmcbride/Development/me/feathers-arangodb/lib/mongo-aql/helpers/query/offset.js","statementMap":{"0":{"start":{"line":2,"column":14},"end":{"line":2,"column":48}},"1":{"start":{"line":4,"column":0},"end":{"line":6,"column":3}},"2":{"start":{"line":5,"column":2},"end":{"line":5,"column":43}}},"fnMap":{"0":{"name":"(anonymous_0)","decl":{"start":{"line":4,"column":27},"end":{"line":4,"column":28}},"loc":{"start":{"line":4,"column":53},"end":{"line":6,"column":1}},"line":4}},"branchMap":{},"s":{"0":1,"1":1,"2":0},"f":{"0":0},"b":{},"_coverageSchema":"43e27e138ebf9cfc5966b082cf9a028302ed4184","hash":"faa4dde26fee5d157b752d8277bbbd42b18809c4","contentHash":"e663a7236435d248c06b24e08ee6443e"},"/Users/brianmcbride/Development/me/feathers-arangodb/lib/mongo-aql/helpers/query/alias.js":{"path":"/Users/brianmcbride/Development/me/feathers-arangodb/lib/mongo-aql/helpers/query/alias.js","statementMap":{"0":{"start":{"line":10,"column":14},"end":{"line":10,"column":48}},"1":{"start":{"line":14,"column":0},"end":{"line":17,"column":3}},"2":{"start":{"line":15,"column":2},"end":{"line":15,"column":37}},"3":{"start":{"line":16,"column":2},"end":{"line":16,"column":15}}},"fnMap":{"0":{"name":"(anonymous_0)","decl":{"start":{"line":14,"column":26},"end":{"line":14,"column":27}},"loc":{"start":{"line":14,"column":58},"end":{"line":17,"column":1}},"line":14}},"branchMap":{},"s":{"0":1,"1":1,"2":153,"3":153},"f":{"0":153},"b":{},"_coverageSchema":"43e27e138ebf9cfc5966b082cf9a028302ed4184","hash":"ccf17aee4398499faeb36317a8f1ac93d8703b5d","contentHash":"4176c40a93e1a7d324293c802d60c38c"},"/Users/brianmcbride/Development/me/feathers-arangodb/lib/mongo-aql/helpers/query/columns.js":{"path":"/Users/brianmcbride/Development/me/feathers-arangodb/lib/mongo-aql/helpers/query/columns.js","statementMap":{"0":{"start":{"line":2,"column":19},"end":{"line":2,"column":53}},"1":{"start":{"line":3,"column":14},"end":{"line":3,"column":48}},"2":{"start":{"line":4,"column":12},"end":{"line":4,"column":38}},"3":{"start":{"line":6,"column":0},"end":{"line":41,"column":3}},"4":{"start":{"line":7,"column":2},"end":{"line":7,"column":96}},"5":{"start":{"line":7,"column":35},"end":{"line":7,"column":96}},"6":{"start":{"line":9,"column":2},"end":{"line":13,"column":3}},"7":{"start":{"line":10,"column":4},"end":{"line":12,"column":24}},"8":{"start":{"line":11,"column":6},"end":{"line":11,"column":36}},"9":{"start":{"line":15,"column":15},"end":{"line":15,"column":17}},"10":{"start":{"line":17,"column":2},"end":{"line":36,"column":3}},"11":{"start":{"line":18,"column":4},"end":{"line":24,"column":5}},"12":{"start":{"line":19,"column":6},"end":{"line":19,"column":569}},"13":{"start":{"line":19,"column":101},"end":{"line":19,"column":167}},"14":{"start":{"line":19,"column":175},"end":{"line":19,"column":569}},"15":{"start":{"line":19,"column":243},"end":{"line":19,"column":297}},"16":{"start":{"line":19,"column":305},"end":{"line":19,"column":569}},"17":{"start":{"line":19,"column":343},"end":{"line":19,"column":430}},"18":{"start":{"line":19,"column":438},"end":{"line":19,"column":569}},"19":{"start":{"line":19,"column":474},"end":{"line":19,"column":495}},"20":{"start":{"line":19,"column":505},"end":{"line":19,"column":567}},"21":{"start":{"line":21,"column":6},"end":{"line":21,"column":157}},"22":{"start":{"line":21,"column":93},"end":{"line":21,"column":155}},"23":{"start":{"line":23,"column":6},"end":{"line":23,"column":21}},"24":{"start":{"line":26,"column":4},"end":{"line":35,"column":5}},"25":{"start":{"line":27,"column":6},"end":{"line":34,"column":7}},"26":{"start":{"line":27,"column":35},"end":{"line":27,"column":56}},"27":{"start":{"line":28,"column":8},"end":{"line":33,"column":92}},"28":{"start":{"line":38,"column":2},"end":{"line":38,"column":73}},"29":{"start":{"line":38,"column":25},"end":{"line":38,"column":73}},"30":{"start":{"line":40,"column":2},"end":{"line":40,"column":16}}},"fnMap":{"0":{"name":"(anonymous_0)","decl":{"start":{"line":6,"column":28},"end":{"line":6,"column":29}},"loc":{"start":{"line":6,"column":62},"end":{"line":41,"column":1}},"line":6},"1":{"name":"(anonymous_1)","decl":{"start":{"line":10,"column":29},"end":{"line":10,"column":30}},"loc":{"start":{"line":10,"column":44},"end":{"line":12,"column":5}},"line":10}},"branchMap":{"0":{"loc":{"start":{"line":7,"column":2},"end":{"line":7,"column":96}},"type":"if","locations":[{"start":{"line":7,"column":2},"end":{"line":7,"column":96}},{"start":{"line":7,"column":2},"end":{"line":7,"column":96}}],"line":7},"1":{"loc":{"start":{"line":9,"column":2},"end":{"line":13,"column":3}},"type":"if","locations":[{"start":{"line":9,"column":2},"end":{"line":13,"column":3}},{"start":{"line":9,"column":2},"end":{"line":13,"column":3}}],"line":9},"2":{"loc":{"start":{"line":17,"column":2},"end":{"line":36,"column":3}},"type":"if","locations":[{"start":{"line":17,"column":2},"end":{"line":36,"column":3}},{"start":{"line":17,"column":2},"end":{"line":36,"column":3}}],"line":17},"3":{"loc":{"start":{"line":19,"column":6},"end":{"line":19,"column":569}},"type":"if","locations":[{"start":{"line":19,"column":6},"end":{"line":19,"column":569}},{"start":{"line":19,"column":6},"end":{"line":19,"column":569}}],"line":19},"4":{"loc":{"start":{"line":19,"column":10},"end":{"line":19,"column":97}},"type":"binary-expr","locations":[{"start":{"line":19,"column":10},"end":{"line":19,"column":40}},{"start":{"line":19,"column":44},"end":{"line":19,"column":64}},{"start":{"line":19,"column":68},"end":{"line":19,"column":97}}],"line":19},"5":{"loc":{"start":{"line":19,"column":175},"end":{"line":19,"column":569}},"type":"if","locations":[{"start":{"line":19,"column":175},"end":{"line":19,"column":569}},{"start":{"line":19,"column":175},"end":{"line":19,"column":569}}],"line":19},"6":{"loc":{"start":{"line":19,"column":179},"end":{"line":19,"column":239}},"type":"binary-expr","locations":[{"start":{"line":19,"column":179},"end":{"line":19,"column":209}},{"start":{"line":19,"column":213},"end":{"line":19,"column":239}}],"line":19},"7":{"loc":{"start":{"line":19,"column":305},"end":{"line":19,"column":569}},"type":"if","locations":[{"start":{"line":19,"column":305},"end":{"line":19,"column":569}},{"start":{"line":19,"column":305},"end":{"line":19,"column":569}}],"line":19},"8":{"loc":{"start":{"line":19,"column":388},"end":{"line":19,"column":428}},"type":"binary-expr","locations":[{"start":{"line":19,"column":388},"end":{"line":19,"column":404}},{"start":{"line":19,"column":408},"end":{"line":19,"column":428}}],"line":19},"9":{"loc":{"start":{"line":19,"column":438},"end":{"line":19,"column":569}},"type":"if","locations":[{"start":{"line":19,"column":438},"end":{"line":19,"column":569}},{"start":{"line":19,"column":438},"end":{"line":19,"column":569}}],"line":19},"10":{"loc":{"start":{"line":21,"column":6},"end":{"line":21,"column":157}},"type":"if","locations":[{"start":{"line":21,"column":6},"end":{"line":21,"column":157}},{"start":{"line":21,"column":6},"end":{"line":21,"column":157}}],"line":21},"11":{"loc":{"start":{"line":21,"column":10},"end":{"line":21,"column":89}},"type":"binary-expr","locations":[{"start":{"line":21,"column":10},"end":{"line":21,"column":40}},{"start":{"line":21,"column":45},"end":{"line":21,"column":63}},{"start":{"line":21,"column":67},"end":{"line":21,"column":88}}],"line":21},"12":{"loc":{"start":{"line":21,"column":114},"end":{"line":21,"column":147}},"type":"binary-expr","locations":[{"start":{"line":21,"column":114},"end":{"line":21,"column":127}},{"start":{"line":21,"column":131},"end":{"line":21,"column":147}}],"line":21},"13":{"loc":{"start":{"line":27,"column":6},"end":{"line":34,"column":7}},"type":"if","locations":[{"start":{"line":27,"column":6},"end":{"line":34,"column":7}},{"start":{"line":27,"column":6},"end":{"line":34,"column":7}}],"line":27},"14":{"loc":{"start":{"line":28,"column":18},"end":{"line":33,"column":91}},"type":"cond-expr","locations":[{"start":{"line":30,"column":12},"end":{"line":30,"column":88}},{"start":{"line":31,"column":12},"end":{"line":33,"column":91}}],"line":28},"15":{"loc":{"start":{"line":29,"column":10},"end":{"line":29,"column":71}},"type":"binary-expr","locations":[{"start":{"line":29,"column":10},"end":{"line":29,"column":42}},{"start":{"line":29,"column":47},"end":{"line":29,"column":70}}],"line":29},"16":{"loc":{"start":{"line":31,"column":12},"end":{"line":33,"column":91}},"type":"cond-expr","locations":[{"start":{"line":32,"column":14},"end":{"line":32,"column":83}},{"start":{"line":33,"column":14},"end":{"line":33,"column":91}}],"line":31},"17":{"loc":{"start":{"line":31,"column":12},"end":{"line":31,"column":72}},"type":"binary-expr","locations":[{"start":{"line":31,"column":12},"end":{"line":31,"column":44}},{"start":{"line":31,"column":49},"end":{"line":31,"column":71}}],"line":31},"18":{"loc":{"start":{"line":38,"column":2},"end":{"line":38,"column":73}},"type":"if","locations":[{"start":{"line":38,"column":2},"end":{"line":38,"column":73}},{"start":{"line":38,"column":2},"end":{"line":38,"column":73}}],"line":38}},"s":{"0":1,"1":1,"2":1,"3":1,"4":0,"5":0,"6":0,"7":0,"8":0,"9":0,"10":0,"11":0,"12":0,"13":0,"14":0,"15":0,"16":0,"17":0,"18":0,"19":0,"20":0,"21":0,"22":0,"23":0,"24":0,"25":0,"26":0,"27":0,"28":0,"29":0,"30":0},"f":{"0":0,"1":0},"b":{"0":[0,0],"1":[0,0],"2":[0,0],"3":[0,0],"4":[0,0,0],"5":[0,0],"6":[0,0],"7":[0,0],"8":[0,0],"9":[0,0],"10":[0,0],"11":[0,0,0],"12":[0,0],"13":[0,0],"14":[0,0],"15":[0,0],"16":[0,0],"17":[0,0],"18":[0,0]},"_coverageSchema":"43e27e138ebf9cfc5966b082cf9a028302ed4184","hash":"ed0c891a03d78382f5189191c6d69de2b8820cd0","contentHash":"6dcb1d986ed128801bbb6d22561f5477"},"/Users/brianmcbride/Development/me/feathers-arangodb/lib/mongo-aql/helpers/query/table.js":{"path":"/Users/brianmcbride/Development/me/feathers-arangodb/lib/mongo-aql/helpers/query/table.js","statementMap":{"0":{"start":{"line":2,"column":14},"end":{"line":2,"column":48}},"1":{"start":{"line":3,"column":19},"end":{"line":3,"column":53}},"2":{"start":{"line":4,"column":12},"end":{"line":4,"column":38}},"3":{"start":{"line":6,"column":0},"end":{"line":12,"column":3}},"4":{"start":{"line":7,"column":11},"end":{"line":7,"column":37}},"5":{"start":{"line":8,"column":2},"end":{"line":8,"column":88}},"6":{"start":{"line":8,"column":33},"end":{"line":8,"column":88}},"7":{"start":{"line":9,"column":2},"end":{"line":9,"column":88}},"8":{"start":{"line":9,"column":23},"end":{"line":9,"column":88}},"9":{"start":{"line":11,"column":2},"end":{"line":11,"column":83}}},"fnMap":{"0":{"name":"(anonymous_0)","decl":{"start":{"line":6,"column":26},"end":{"line":6,"column":27}},"loc":{"start":{"line":6,"column":58},"end":{"line":12,"column":1}},"line":6}},"branchMap":{"0":{"loc":{"start":{"line":8,"column":2},"end":{"line":8,"column":88}},"type":"if","locations":[{"start":{"line":8,"column":2},"end":{"line":8,"column":88}},{"start":{"line":8,"column":2},"end":{"line":8,"column":88}}],"line":8},"1":{"loc":{"start":{"line":9,"column":2},"end":{"line":9,"column":88}},"type":"if","locations":[{"start":{"line":9,"column":2},"end":{"line":9,"column":88}},{"start":{"line":9,"column":2},"end":{"line":9,"column":88}}],"line":9},"2":{"loc":{"start":{"line":11,"column":10},"end":{"line":11,"column":46}},"type":"cond-expr","locations":[{"start":{"line":11,"column":36},"end":{"line":11,"column":41}},{"start":{"line":11,"column":44},"end":{"line":11,"column":46}}],"line":11}},"s":{"0":1,"1":1,"2":1,"3":1,"4":151,"5":151,"6":0,"7":151,"8":0,"9":151},"f":{"0":151},"b":{"0":[0,151],"1":[0,151],"2":[149,2]},"_coverageSchema":"43e27e138ebf9cfc5966b082cf9a028302ed4184","hash":"7e2de71f76efb8ea182132e762b56b31f256b7dc","contentHash":"6738f1faa524ef2ecb32e6ab9cec494f"},"/Users/brianmcbride/Development/me/feathers-arangodb/lib/mongo-aql/helpers/query/where.js":{"path":"/Users/brianmcbride/Development/me/feathers-arangodb/lib/mongo-aql/helpers/query/where.js","statementMap":{"0":{"start":{"line":2,"column":14},"end":{"line":2,"column":48}},"1":{"start":{"line":3,"column":23},"end":{"line":3,"column":61}},"2":{"start":{"line":5,"column":0},"end":{"line":9,"column":3}},"3":{"start":{"line":6,"column":15},"end":{"line":6,"column":68}},"4":{"start":{"line":7,"column":2},"end":{"line":7,"column":53}},"5":{"start":{"line":7,"column":25},"end":{"line":7,"column":53}},"6":{"start":{"line":8,"column":2},"end":{"line":8,"column":16}}},"fnMap":{"0":{"name":"(anonymous_0)","decl":{"start":{"line":5,"column":26},"end":{"line":5,"column":27}},"loc":{"start":{"line":5,"column":58},"end":{"line":9,"column":1}},"line":5}},"branchMap":{"0":{"loc":{"start":{"line":7,"column":2},"end":{"line":7,"column":53}},"type":"if","locations":[{"start":{"line":7,"column":2},"end":{"line":7,"column":53}},{"start":{"line":7,"column":2},"end":{"line":7,"column":53}}],"line":7}},"s":{"0":1,"1":1,"2":1,"3":151,"4":151,"5":103,"6":151},"f":{"0":151},"b":{"0":[103,48]},"_coverageSchema":"43e27e138ebf9cfc5966b082cf9a028302ed4184","hash":"89634f1a6a895c881d8c559628f1caea59010bf2","contentHash":"9e388a9b145812dc79337d9fabad5139"},"/Users/brianmcbride/Development/me/feathers-arangodb/lib/mongo-aql/lib/condition-builder.js":{"path":"/Users/brianmcbride/Development/me/feathers-arangodb/lib/mongo-aql/lib/condition-builder.js","statementMap":{"0":{"start":{"line":2,"column":10},"end":{"line":2,"column":28}},"1":{"start":{"line":3,"column":12},"end":{"line":3,"column":44}},"2":{"start":{"line":6,"column":0},"end":{"line":128,"column":2}},"3":{"start":{"line":7,"column":24},"end":{"line":121,"column":3}},"4":{"start":{"line":8,"column":4},"end":{"line":8,"column":30}},"5":{"start":{"line":9,"column":4},"end":{"line":9,"column":26}},"6":{"start":{"line":15,"column":21},"end":{"line":15,"column":23}},"7":{"start":{"line":17,"column":4},"end":{"line":117,"column":5}},"8":{"start":{"line":19,"column":6},"end":{"line":24,"column":7}},"9":{"start":{"line":20,"column":18},"end":{"line":20,"column":20}},"10":{"start":{"line":21,"column":8},"end":{"line":21,"column":43}},"11":{"start":{"line":22,"column":8},"end":{"line":22,"column":73}},"12":{"start":{"line":23,"column":8},"end":{"line":23,"column":17}},"13":{"start":{"line":26,"column":6},"end":{"line":48,"column":7}},"14":{"start":{"line":28,"column":8},"end":{"line":45,"column":9}},"15":{"start":{"line":32,"column":10},"end":{"line":32,"column":262}},"16":{"start":{"line":32,"column":50},"end":{"line":32,"column":145}},"17":{"start":{"line":32,"column":155},"end":{"line":32,"column":260}},"18":{"start":{"line":36,"column":13},"end":{"line":45,"column":9}},"19":{"start":{"line":36,"column":33},"end":{"line":36,"column":134}},"20":{"start":{"line":36,"column":142},"end":{"line":45,"column":9}},"21":{"start":{"line":36,"column":163},"end":{"line":36,"column":264}},"22":{"start":{"line":39,"column":13},"end":{"line":45,"column":9}},"23":{"start":{"line":39,"column":30},"end":{"line":39,"column":131}},"24":{"start":{"line":44,"column":10},"end":{"line":44,"column":118}},"25":{"start":{"line":47,"column":8},"end":{"line":47,"column":17}},"26":{"start":{"line":52,"column":6},"end":{"line":116,"column":7}},"27":{"start":{"line":53,"column":23},"end":{"line":53,"column":27}},"28":{"start":{"line":55,"column":8},"end":{"line":59,"column":9}},"29":{"start":{"line":56,"column":10},"end":{"line":56,"column":59}},"30":{"start":{"line":57,"column":15},"end":{"line":59,"column":9}},"31":{"start":{"line":58,"column":10},"end":{"line":58,"column":59}},"32":{"start":{"line":61,"column":8},"end":{"line":67,"column":9}},"33":{"start":{"line":62,"column":10},"end":{"line":64,"column":11}},"34":{"start":{"line":63,"column":12},"end":{"line":63,"column":24}},"35":{"start":{"line":66,"column":10},"end":{"line":66,"column":69}},"36":{"start":{"line":69,"column":8},"end":{"line":77,"column":10}},"37":{"start":{"line":80,"column":11},"end":{"line":116,"column":7}},"38":{"start":{"line":81,"column":8},"end":{"line":89,"column":10}},"39":{"start":{"line":93,"column":11},"end":{"line":116,"column":7}},"40":{"start":{"line":94,"column":8},"end":{"line":102,"column":10}},"41":{"start":{"line":107,"column":8},"end":{"line":115,"column":10}},"42":{"start":{"line":119,"column":4},"end":{"line":119,"column":74}},"43":{"start":{"line":119,"column":31},"end":{"line":119,"column":74}},"44":{"start":{"line":120,"column":4},"end":{"line":120,"column":53}},"45":{"start":{"line":120,"column":32},"end":{"line":120,"column":53}},"46":{"start":{"line":124,"column":15},"end":{"line":124,"column":48}},"47":{"start":{"line":125,"column":2},"end":{"line":125,"column":25}},"48":{"start":{"line":125,"column":15},"end":{"line":125,"column":25}},"49":{"start":{"line":126,"column":2},"end":{"line":126,"column":70}},"50":{"start":{"line":126,"column":24},"end":{"line":126,"column":70}},"51":{"start":{"line":127,"column":2},"end":{"line":127,"column":16}}},"fnMap":{"0":{"name":"(anonymous_0)","decl":{"start":{"line":6,"column":17},"end":{"line":6,"column":18}},"loc":{"start":{"line":6,"column":49},"end":{"line":128,"column":1}},"line":6},"1":{"name":"(anonymous_1)","decl":{"start":{"line":7,"column":24},"end":{"line":7,"column":25}},"loc":{"start":{"line":7,"column":76},"end":{"line":121,"column":3}},"line":7}},"branchMap":{"0":{"loc":{"start":{"line":8,"column":13},"end":{"line":8,"column":29}},"type":"binary-expr","locations":[{"start":{"line":8,"column":13},"end":{"line":8,"column":19}},{"start":{"line":8,"column":23},"end":{"line":8,"column":29}}],"line":8},"1":{"loc":{"start":{"line":9,"column":13},"end":{"line":9,"column":25}},"type":"binary-expr","locations":[{"start":{"line":9,"column":13},"end":{"line":9,"column":19}},{"start":{"line":9,"column":23},"end":{"line":9,"column":25}}],"line":9},"2":{"loc":{"start":{"line":19,"column":6},"end":{"line":24,"column":7}},"type":"if","locations":[{"start":{"line":19,"column":6},"end":{"line":24,"column":7}},{"start":{"line":19,"column":6},"end":{"line":24,"column":7}}],"line":19},"3":{"loc":{"start":{"line":26,"column":6},"end":{"line":48,"column":7}},"type":"if","locations":[{"start":{"line":26,"column":6},"end":{"line":48,"column":7}},{"start":{"line":26,"column":6},"end":{"line":48,"column":7}}],"line":26},"4":{"loc":{"start":{"line":26,"column":10},"end":{"line":26,"column":105}},"type":"binary-expr","locations":[{"start":{"line":26,"column":10},"end":{"line":26,"column":40}},{"start":{"line":26,"column":44},"end":{"line":26,"column":73}},{"start":{"line":26,"column":77},"end":{"line":26,"column":105}}],"line":26},"5":{"loc":{"start":{"line":28,"column":8},"end":{"line":45,"column":9}},"type":"if","locations":[{"start":{"line":28,"column":8},"end":{"line":45,"column":9}},{"start":{"line":28,"column":8},"end":{"line":45,"column":9}}],"line":28},"6":{"loc":{"start":{"line":32,"column":10},"end":{"line":32,"column":262}},"type":"if","locations":[{"start":{"line":32,"column":10},"end":{"line":32,"column":262}},{"start":{"line":32,"column":10},"end":{"line":32,"column":262}}],"line":32},"7":{"loc":{"start":{"line":32,"column":50},"end":{"line":32,"column":144}},"type":"binary-expr","locations":[{"start":{"line":32,"column":51},"end":{"line":32,"column":116}},{"start":{"line":32,"column":121},"end":{"line":32,"column":144}}],"line":32},"8":{"loc":{"start":{"line":32,"column":155},"end":{"line":32,"column":259}},"type":"binary-expr","locations":[{"start":{"line":32,"column":156},"end":{"line":32,"column":231}},{"start":{"line":32,"column":236},"end":{"line":32,"column":259}}],"line":32},"9":{"loc":{"start":{"line":36,"column":13},"end":{"line":45,"column":9}},"type":"if","locations":[{"start":{"line":36,"column":13},"end":{"line":45,"column":9}},{"start":{"line":36,"column":13},"end":{"line":45,"column":9}}],"line":36},"10":{"loc":{"start":{"line":36,"column":33},"end":{"line":36,"column":133}},"type":"binary-expr","locations":[{"start":{"line":36,"column":34},"end":{"line":36,"column":105}},{"start":{"line":36,"column":110},"end":{"line":36,"column":133}}],"line":36},"11":{"loc":{"start":{"line":36,"column":142},"end":{"line":45,"column":9}},"type":"if","locations":[{"start":{"line":36,"column":142},"end":{"line":45,"column":9}},{"start":{"line":36,"column":142},"end":{"line":45,"column":9}}],"line":36},"12":{"loc":{"start":{"line":36,"column":163},"end":{"line":36,"column":263}},"type":"binary-expr","locations":[{"start":{"line":36,"column":164},"end":{"line":36,"column":235}},{"start":{"line":36,"column":240},"end":{"line":36,"column":263}}],"line":36},"13":{"loc":{"start":{"line":39,"column":13},"end":{"line":45,"column":9}},"type":"if","locations":[{"start":{"line":39,"column":13},"end":{"line":45,"column":9}},{"start":{"line":39,"column":13},"end":{"line":45,"column":9}}],"line":39},"14":{"loc":{"start":{"line":39,"column":30},"end":{"line":39,"column":130}},"type":"binary-expr","locations":[{"start":{"line":39,"column":31},"end":{"line":39,"column":102}},{"start":{"line":39,"column":107},"end":{"line":39,"column":130}}],"line":39},"15":{"loc":{"start":{"line":44,"column":10},"end":{"line":44,"column":117}},"type":"binary-expr","locations":[{"start":{"line":44,"column":11},"end":{"line":44,"column":89}},{"start":{"line":44,"column":94},"end":{"line":44,"column":117}}],"line":44},"16":{"loc":{"start":{"line":52,"column":6},"end":{"line":116,"column":7}},"type":"if","locations":[{"start":{"line":52,"column":6},"end":{"line":116,"column":7}},{"start":{"line":52,"column":6},"end":{"line":116,"column":7}}],"line":52},"17":{"loc":{"start":{"line":55,"column":8},"end":{"line":59,"column":9}},"type":"if","locations":[{"start":{"line":55,"column":8},"end":{"line":59,"column":9}},{"start":{"line":55,"column":8},"end":{"line":59,"column":9}}],"line":55},"18":{"loc":{"start":{"line":57,"column":15},"end":{"line":59,"column":9}},"type":"if","locations":[{"start":{"line":57,"column":15},"end":{"line":59,"column":9}},{"start":{"line":57,"column":15},"end":{"line":59,"column":9}}],"line":57},"19":{"loc":{"start":{"line":61,"column":8},"end":{"line":67,"column":9}},"type":"if","locations":[{"start":{"line":61,"column":8},"end":{"line":67,"column":9}},{"start":{"line":61,"column":8},"end":{"line":67,"column":9}}],"line":61},"20":{"loc":{"start":{"line":62,"column":10},"end":{"line":64,"column":11}},"type":"if","locations":[{"start":{"line":62,"column":10},"end":{"line":64,"column":11}},{"start":{"line":62,"column":10},"end":{"line":64,"column":11}}],"line":62},"21":{"loc":{"start":{"line":80,"column":11},"end":{"line":116,"column":7}},"type":"if","locations":[{"start":{"line":80,"column":11},"end":{"line":116,"column":7}},{"start":{"line":80,"column":11},"end":{"line":116,"column":7}}],"line":80},"22":{"loc":{"start":{"line":83,"column":27},"end":{"line":83,"column":102}},"type":"cond-expr","locations":[{"start":{"line":83,"column":43},"end":{"line":83,"column":71}},{"start":{"line":83,"column":74},"end":{"line":83,"column":102}}],"line":83},"23":{"loc":{"start":{"line":93,"column":11},"end":{"line":116,"column":7}},"type":"if","locations":[{"start":{"line":93,"column":11},"end":{"line":116,"column":7}},{"start":{"line":93,"column":11},"end":{"line":116,"column":7}}],"line":93},"24":{"loc":{"start":{"line":96,"column":27},"end":{"line":96,"column":102}},"type":"cond-expr","locations":[{"start":{"line":96,"column":43},"end":{"line":96,"column":71}},{"start":{"line":96,"column":74},"end":{"line":96,"column":102}}],"line":96},"25":{"loc":{"start":{"line":109,"column":21},"end":{"line":109,"column":76}},"type":"cond-expr","locations":[{"start":{"line":109,"column":37},"end":{"line":109,"column":71}},{"start":{"line":109,"column":74},"end":{"line":109,"column":76}}],"line":109},"26":{"loc":{"start":{"line":119,"column":4},"end":{"line":119,"column":74}},"type":"if","locations":[{"start":{"line":119,"column":4},"end":{"line":119,"column":74}},{"start":{"line":119,"column":4},"end":{"line":119,"column":74}}],"line":119},"27":{"loc":{"start":{"line":120,"column":4},"end":{"line":120,"column":53}},"type":"if","locations":[{"start":{"line":120,"column":4},"end":{"line":120,"column":53}},{"start":{"line":120,"column":4},"end":{"line":120,"column":53}}],"line":120},"28":{"loc":{"start":{"line":125,"column":2},"end":{"line":125,"column":25}},"type":"if","locations":[{"start":{"line":125,"column":2},"end":{"line":125,"column":25}},{"start":{"line":125,"column":2},"end":{"line":125,"column":25}}],"line":125},"29":{"loc":{"start":{"line":126,"column":2},"end":{"line":126,"column":70}},"type":"if","locations":[{"start":{"line":126,"column":2},"end":{"line":126,"column":70}},{"start":{"line":126,"column":2},"end":{"line":126,"column":70}}],"line":126}},"s":{"0":1,"1":1,"2":1,"3":151,"4":262,"5":262,"6":262,"7":262,"8":249,"9":2,"10":2,"11":2,"12":2,"13":247,"14":119,"15":19,"16":9,"17":10,"18":100,"19":12,"20":88,"21":2,"22":86,"23":29,"24":57,"25":119,"26":128,"27":7,"28":7,"29":0,"30":7,"31":0,"32":7,"33":7,"34":7,"35":7,"36":7,"37":121,"38":50,"39":71,"40":2,"41":69,"42":262,"43":34,"44":228,"45":180,"46":151,"47":151,"48":48,"49":103,"50":36,"51":67},"f":{"0":151,"1":262},"b":{"0":[262,208],"1":[262,153],"2":[2,247],"3":[119,128],"4":[247,119,119],"5":[19,100],"6":[9,10],"7":[9,9],"8":[10,10],"9":[12,88],"10":[12,12],"11":[2,86],"12":[2,2],"13":[29,57],"14":[29,29],"15":[57,57],"16":[7,121],"17":[0,7],"18":[0,7],"19":[7,0],"20":[7,0],"21":[50,71],"22":[48,2],"23":[2,69],"24":[2,0],"25":[5,64],"26":[34,228],"27":[180,48],"28":[48,103],"29":[36,67]},"_coverageSchema":"43e27e138ebf9cfc5966b082cf9a028302ed4184","hash":"819c3d6bb221ed8b86ac5ba19ba347080b529ba4","contentHash":"5056bf902d3be0cb6438f70fa23aedad"},"/Users/brianmcbride/Development/me/feathers-arangodb/lib/mongo-aql/lib/conditional-helpers.js":{"path":"/Users/brianmcbride/Development/me/feathers-arangodb/lib/mongo-aql/lib/conditional-helpers.js","statementMap":{"0":{"start":{"line":2,"column":20},"end":{"line":2,"column":47}},"1":{"start":{"line":4,"column":0},"end":{"line":4,"column":54}}},"fnMap":{},"branchMap":{},"s":{"0":1,"1":1},"f":{},"b":{},"_coverageSchema":"43e27e138ebf9cfc5966b082cf9a028302ed4184","hash":"a3bc162604a155e05998ef9fdb61d56745fd8c43","contentHash":"36262d8d95b7d02b565d0843fefb532a"},"/Users/brianmcbride/Development/me/feathers-arangodb/lib/mongo-aql/helpers/query/return.js":{"path":"/Users/brianmcbride/Development/me/feathers-arangodb/lib/mongo-aql/helpers/query/return.js","statementMap":{"0":{"start":{"line":2,"column":14},"end":{"line":2,"column":48}},"1":{"start":{"line":4,"column":0},"end":{"line":20,"column":3}},"2":{"start":{"line":5,"column":14},"end":{"line":5,"column":25}},"3":{"start":{"line":6,"column":2},"end":{"line":6,"column":18}},"4":{"start":{"line":8,"column":2},"end":{"line":17,"column":3}},"5":{"start":{"line":9,"column":4},"end":{"line":9,"column":43}},"6":{"start":{"line":11,"column":4},"end":{"line":13,"column":5}},"7":{"start":{"line":12,"column":6},"end":{"line":12,"column":66}},"8":{"start":{"line":14,"column":4},"end":{"line":14,"column":15}},"9":{"start":{"line":16,"column":4},"end":{"line":16,"column":32}},"10":{"start":{"line":19,"column":2},"end":{"line":19,"column":13}}},"fnMap":{"0":{"name":"(anonymous_0)","decl":{"start":{"line":4,"column":27},"end":{"line":4,"column":28}},"loc":{"start":{"line":4,"column":59},"end":{"line":20,"column":1}},"line":4}},"branchMap":{"0":{"loc":{"start":{"line":8,"column":2},"end":{"line":17,"column":3}},"type":"if","locations":[{"start":{"line":8,"column":2},"end":{"line":17,"column":3}},{"start":{"line":8,"column":2},"end":{"line":17,"column":3}}],"line":8},"1":{"loc":{"start":{"line":8,"column":6},"end":{"line":8,"column":27}},"type":"binary-expr","locations":[{"start":{"line":8,"column":6},"end":{"line":8,"column":11}},{"start":{"line":8,"column":15},"end":{"line":8,"column":27}}],"line":8}},"s":{"0":1,"1":1,"2":149,"3":149,"4":149,"5":0,"6":0,"7":0,"8":0,"9":149,"10":149},"f":{"0":149},"b":{"0":[0,149],"1":[149,0]},"_coverageSchema":"43e27e138ebf9cfc5966b082cf9a028302ed4184","hash":"c64efa9084c26a5a2a448b7d047c40b37a501ea5","contentHash":"4f4eea1a4c64d01950b775a80b034373"},"/Users/brianmcbride/Development/me/feathers-arangodb/lib/mongo-aql/helpers/query/text.js":{"path":"/Users/brianmcbride/Development/me/feathers-arangodb/lib/mongo-aql/helpers/query/text.js","statementMap":{"0":{"start":{"line":2,"column":14},"end":{"line":2,"column":48}},"1":{"start":{"line":3,"column":12},"end":{"line":3,"column":38}},"2":{"start":{"line":5,"column":0},"end":{"line":7,"column":3}},"3":{"start":{"line":6,"column":2},"end":{"line":6,"column":59}},"4":{"start":{"line":9,"column":0},"end":{"line":11,"column":3}},"5":{"start":{"line":10,"column":2},"end":{"line":10,"column":42}},"6":{"start":{"line":13,"column":0},"end":{"line":15,"column":3}},"7":{"start":{"line":14,"column":2},"end":{"line":14,"column":52}}},"fnMap":{"0":{"name":"(anonymous_0)","decl":{"start":{"line":5,"column":31},"end":{"line":5,"column":32}},"loc":{"start":{"line":5,"column":54},"end":{"line":7,"column":1}},"line":5},"1":{"name":"(anonymous_1)","decl":{"start":{"line":9,"column":31},"end":{"line":9,"column":32}},"loc":{"start":{"line":9,"column":54},"end":{"line":11,"column":1}},"line":9},"2":{"name":"(anonymous_2)","decl":{"start":{"line":13,"column":32},"end":{"line":13,"column":33}},"loc":{"start":{"line":13,"column":55},"end":{"line":15,"column":1}},"line":13}},"branchMap":{},"s":{"0":1,"1":1,"2":1,"3":2,"4":1,"5":2,"6":1,"7":2},"f":{"0":2,"1":2,"2":2},"b":{},"_coverageSchema":"43e27e138ebf9cfc5966b082cf9a028302ed4184","hash":"d0b2a415de68f8ec28d0d71872674b227a9c2218","contentHash":"524855543d677c61b8a0a9794ed96ce8"},"/Users/brianmcbride/Development/me/feathers-arangodb/lib/mongo-aql/helpers/conditional.js":{"path":"/Users/brianmcbride/Development/me/feathers-arangodb/lib/mongo-aql/helpers/conditional.js","statementMap":{"0":{"start":{"line":7,"column":19},"end":{"line":7,"column":56}},"1":{"start":{"line":9,"column":12},"end":{"line":9,"column":35}},"2":{"start":{"line":16,"column":0},"end":{"line":18,"column":3}},"3":{"start":{"line":17,"column":2},"end":{"line":17,"column":33}},"4":{"start":{"line":20,"column":0},"end":{"line":22,"column":3}},"5":{"start":{"line":21,"column":2},"end":{"line":21,"column":33}},"6":{"start":{"line":29,"column":0},"end":{"line":31,"column":3}},"7":{"start":{"line":30,"column":2},"end":{"line":30,"column":33}},"8":{"start":{"line":38,"column":0},"end":{"line":40,"column":3}},"9":{"start":{"line":39,"column":2},"end":{"line":39,"column":32}},"10":{"start":{"line":47,"column":0},"end":{"line":49,"column":3}},"11":{"start":{"line":48,"column":2},"end":{"line":48,"column":33}},"12":{"start":{"line":56,"column":0},"end":{"line":58,"column":3}},"13":{"start":{"line":57,"column":2},"end":{"line":57,"column":32}},"14":{"start":{"line":65,"column":0},"end":{"line":67,"column":3}},"15":{"start":{"line":66,"column":2},"end":{"line":66,"column":33}},"16":{"start":{"line":73,"column":0},"end":{"line":75,"column":3}},"17":{"start":{"line":74,"column":2},"end":{"line":74,"column":70}},"18":{"start":{"line":81,"column":0},"end":{"line":83,"column":3}},"19":{"start":{"line":82,"column":2},"end":{"line":82,"column":70}},"20":{"start":{"line":90,"column":0},"end":{"line":92,"column":3}},"21":{"start":{"line":91,"column":2},"end":{"line":91,"column":35}},"22":{"start":{"line":99,"column":0},"end":{"line":101,"column":3}},"23":{"start":{"line":100,"column":2},"end":{"line":100,"column":36}},"24":{"start":{"line":115,"column":0},"end":{"line":123,"column":3}},"25":{"start":{"line":116,"column":2},"end":{"line":122,"column":3}},"26":{"start":{"line":117,"column":12},"end":{"line":117,"column":59}},"27":{"start":{"line":118,"column":12},"end":{"line":118,"column":42}},"28":{"start":{"line":119,"column":4},"end":{"line":119,"column":38}},"29":{"start":{"line":121,"column":4},"end":{"line":121,"column":14}},"30":{"sta
[...]
40},"end":{"line":125,"column":9}},"line":120},"14":{"name":"(anonymous_14)","decl":{"start":{"line":134,"column":12},"end":{"line":134,"column":13}},"loc":{"start":{"line":134,"column":27},"end":{"line":153,"column":7}},"line":134},"15":{"name":"(anonymous_15)","decl":{"start":{"line":143,"column":69},"end":{"line":143,"column":70}},"loc":{"start":{"line":143,"column":79},"end":{"line":150,"column":12}},"line":143},"16":{"name":"(anonymous_16)","decl":{"start":{"line":143,"column":97},"end":{"line":143,"column":98}},"loc":{"start":{"line":143,"column":107},"end":{"line":150,"column":11}},"line":143},"17":{"name":"(anonymous_17)","decl":{"start":{"line":148,"column":31},"end":{"line":148,"column":32}},"loc":{"start":{"line":148,"column":38},"end":{"line":148,"column":70}},"line":148},"18":{"name":"(anonymous_18)","decl":{"start":{"line":156,"column":2},"end":{"line":156,"column":3}},"loc":{"start":{"line":156,"column":32},"end":{"line":158,"column":3}},"line":156},"19":{"name":"(anonymous_19)","decl":{"start":{"line":160,"column":2},"end":{"line":160,"column":3}},"loc":{"start":{"line":160,"column":16},"end":{"line":170,"column":3}},"line":160},"20":{"name":"(anonymous_20)","decl":{"start":{"line":163,"column":38},"end":{"line":163,"column":39}},"loc":{"start":{"line":163,"column":47},"end":{"line":163,"column":75}},"line":163},"21":{"name":"(anonymous_21)","decl":{"start":{"line":166,"column":25},"end":{"line":166,"column":26}},"loc":{"start":{"line":166,"column":33},"end":{"line":166,"column":42}},"line":166},"22":{"name":"(anonymous_22)","decl":{"start":{"line":172,"column":2},"end":{"line":172,"column":3}},"loc":{"start":{"line":172,"column":19},"end":{"line":182,"column":3}},"line":172},"23":{"name":"(anonymous_23)","decl":{"start":{"line":176,"column":12},"end":{"line":176,"column":13}},"loc":{"start":{"line":176,"column":22},"end":{"line":181,"column":6}},"line":176},"24":{"name":"(anonymous_24)","decl":{"start":{"line":176,"column":41},"end":{"line":176,"column":42}},"loc":{"start":{"line":176,"column":48},"end":{"line":181,"column":5}},"line":176},"25":{"name":"(anonymous_25)","decl":{"start":{"line":185,"column":2},"end":{"line":185,"column":3}},"loc":{"start":{"line":185,"column":25},"end":{"line":194,"column":3}},"line":185},"26":{"name":"(anonymous_26)","decl":{"start":{"line":193,"column":12},"end":{"line":193,"column":13}},"loc":{"start":{"line":193,"column":22},"end":{"line":193,"column":81}},"line":193},"27":{"name":"(anonymous_27)","decl":{"start":{"line":193,"column":41},"end":{"line":193,"column":42}},"loc":{"start":{"line":193,"column":48},"end":{"line":193,"column":80}},"line":193},"28":{"name":"(anonymous_28)","decl":{"start":{"line":196,"column":2},"end":{"line":196,"column":3}},"loc":{"start":{"line":196,"column":24},"end":{"line":202,"column":3}},"line":196},"29":{"name":"(anonymous_29)","decl":{"start":{"line":198,"column":34},"end":{"line":198,"column":35}},"loc":{"start":{"line":198,"column":45},"end":{"line":198,"column":66}},"line":198},"30":{"name":"(anonymous_30)","decl":{"start":{"line":205,"column":2},"end":{"line":205,"column":3}},"loc":{"start":{"line":205,"column":29},"end":{"line":218,"column":3}},"line":205},"31":{"name":"(anonymous_31)","decl":{"start":{"line":213,"column":12},"end":{"line":213,"column":13}},"loc":{"start":{"line":213,"column":22},"end":{"line":213,"column":81}},"line":213},"32":{"name":"(anonymous_32)","decl":{"start":{"line":213,"column":41},"end":{"line":213,"column":42}},"loc":{"start":{"line":213,"column":48},"end":{"line":213,"column":80}},"line":213},"33":{"name":"(anonymous_33)","decl":{"start":{"line":214,"column":13},"end":{"line":214,"column":14}},"loc":{"start":{"line":214,"column":20},"end":{"line":217,"column":7}},"line":214},"34":{"name":"(anonymous_34)","decl":{"start":{"line":220,"column":2},"end":{"line":220,"column":3}},"loc":{"start":{"line":220,"column":28},"end":{"line":228,"column":3}},"line":220},"35":{"name":"(anonymous_35)","decl":{"start":{"line":231,"column":2},"end":{"line":231,"column":3}},"loc":{"start":{"line":231,"column":28},"end":{"line":244,"column":3}},"line":231},"36":{"name":"(anonymous_36)","decl":{"start":{"line":239,"column":12},"end":{"line":239,"column":13}},"loc":{"start":{"line":239,"column":22},"end":{"line":239,"column":81}},"line":239},"37":{"name":"(anonymous_37)","decl":{"start":{"line":239,"column":41},"end":{"line":239,"column":42}},"loc":{"start":{"line":239,"column":48},"end":{"line":239,"column":80}},"line":239},"38":{"name":"(anonymous_38)","decl":{"start":{"line":240,"column":13},"end":{"line":240,"column":14}},"loc":{"start":{"line":240,"column":20},"end":{"line":243,"column":7}},"line":240},"39":{"name":"(anonymous_39)","decl":{"start":{"line":246,"column":2},"end":{"line":246,"column":3}},"loc":{"start":{"line":246,"column":27},"end":{"line":256,"column":3}},"line":246},"40":{"name":"(anonymous_40)","decl":{"start":{"line":248,"column":37},"end":{"line":248,"column":38}},"loc":{"start":{"line":248,"column":45},"end":{"line":252,"column":7}},"line":248},"41":{"name":"(anonymous_41)","decl":{"start":{"line":250,"column":10},"end":{"line":250,"column":11}},"loc":{"start":{"line":250,"column":21},"end":{"line":250,"column":65}},"line":250},"42":{"name":"(anonymous_42)","decl":{"start":{"line":259,"column":2},"end":{"line":259,"column":3}},"loc":{"start":{"line":259,"column":23},"end":{"line":272,"column":3}},"line":259},"43":{"name":"(anonymous_43)","decl":{"start":{"line":267,"column":12},"end":{"line":267,"column":13}},"loc":{"start":{"line":267,"column":22},"end":{"line":267,"column":81}},"line":267},"44":{"name":"(anonymous_44)","decl":{"start":{"line":267,"column":41},"end":{"line":267,"column":42}},"loc":{"start":{"line":267,"column":48},"end":{"line":267,"column":80}},"line":267},"45":{"name":"(anonymous_45)","decl":{"start":{"line":268,"column":13},"end":{"line":268,"column":14}},"loc":{"start":{"line":268,"column":20},"end":{"line":271,"column":7}},"line":268},"46":{"name":"(anonymous_46)","decl":{"start":{"line":274,"column":2},"end":{"line":274,"column":3}},"loc":{"start":{"line":274,"column":22},"end":{"line":284,"column":3}},"line":274},"47":{"name":"(anonymous_47)","decl":{"start":{"line":276,"column":37},"end":{"line":276,"column":38}},"loc":{"start":{"line":277,"column":8},"end":{"line":280,"column":10}},"line":277},"48":{"name":"(anonymous_48)","decl":{"start":{"line":277,"column":34},"end":{"line":277,"column":35}},"loc":{"start":{"line":278,"column":10},"end":{"line":279,"column":11}},"line":278},"49":{"name":"init","decl":{"start":{"line":287,"column":26},"end":{"line":287,"column":30}},"loc":{"start":{"line":287,"column":41},"end":{"line":289,"column":1}},"line":287}},"branchMap":{"0":{"loc":{"start":{"line":14,"column":4},"end":{"line":16,"column":5}},"type":"if","locations":[{"start":{"line":14,"column":4},"end":{"line":16,"column":5}},{"start":{"line":14,"column":4},"end":{"line":16,"column":5}}],"line":14},"1":{"loc":{"start":{"line":18,"column":20},"end":{"line":18,"column":42}},"type":"binary-expr","locations":[{"start":{"line":18,"column":20},"end":{"line":18,"column":36}},{"start":{"line":18,"column":40},"end":{"line":18,"column":42}}],"line":18},"2":{"loc":{"start":{"line":19,"column":25},"end":{"line":19,"column":63}},"type":"binary-expr","locations":[{"start":{"line":19,"column":25},"end":{"line":19,"column":40}},{"start":{"line":19,"column":44},"end":{"line":19,"column":54}},{"start":{"line":19,"column":58},"end":{"line":19,"column":63}}],"line":19},"3":{"loc":{"start":{"line":21,"column":17},"end":{"line":21,"column":36}},"type":"binary-expr","locations":[{"start":{"line":21,"column":17},"end":{"line":21,"column":30}},{"start":{"line":21,"column":34},"end":{"line":21,"column":36}}],"line":21},"4":{"loc":{"start":{"line":22,"column":18},"end":{"line":22,"column":38}},"type":"binary-expr","locations":[{"start":{"line":22,"column":18},"end":{"line":22,"column":32}},{"start":{"line":22,"column":36},"end":{"line":22,"column":38}}],"line":22},"5":{"loc":{"start":{"line":33,"column":8},"end":{"line":33,"column":21}},"type":"default-arg","locations":[{"start":{"line":33,"column":13},"end":{"line":33,"column":21}}],"line":33},"6":{"loc":{"start":{"line":33,"column":23},"end":{"line":33,"column":43}},"type":"default-arg","locations":[{"start":{"line":33,"column":30},"end":{"line":33,"column":43}}],"line":33},"7":{"loc":{"start":{"line":44,"column":10},"end":{"line":54,"column":11}},"type":"if","locations":[{"start":{"line":44,"column":10},"end":{"line":54,"column":11}},{"start":{"line":44,"column":10},"end":{"line":54,"column":11}}],"line":44},"8":{"loc":{"start":{"line":44,"column":14},"end":{"line":44,"column":77}},"type":"binary-expr","locations":[{"start":{"line":44,"column":14},"end":{"line":44,"column":35}},{"start":{"line":44,"column":39},"end":{"line":44,"column":77}}],"line":44},"9":{"loc":{"start":{"line":68,"column":4},"end":{"line":74,"column":5}},"type":"if","locations":[{"start":{"line":68,"column":4},"end":{"line":74,"column":5}},{"start":{"line":68,"column":4},"end":{"line":74,"column":5}}],"line":68},"10":{"loc":{"start":{"line":81,"column":17},"end":{"line":81,"column":40}},"type":"default-arg","locations":[{"start":{"line":81,"column":29},"end":{"line":81,"column":40}}],"line":81},"11":{"loc":{"start":{"line":82,"column":37},"end":{"line":82,"column":55}},"type":"binary-expr","locations":[{"start":{"line":82,"column":37},"end":{"line":82,"column":49}},{"start":{"line":82,"column":53},"end":{"line":82,"column":55}}],"line":82},"12":{"loc":{"start":{"line":85,"column":4},"end":{"line":89,"column":5}},"type":"if","locations":[{"start":{"line":85,"column":4},"end":{"line":89,"column":5}},{"start":{"line":85,"column":4},"end":{"line":89,"column":5}}],"line":85},"13":{"loc":{"start":{"line":92,"column":6},"end":{"line":94,"column":7}},"type":"if","locations":[{"start":{"line":92,"column":6},"end":{"line":94,"column":7}},{"start":{"line":92,"column":6},"end":{"line":94,"column":7}}],"line":92},"14":{"loc":{"start":{"line":98,"column":4},"end":{"line":100,"column":5}},"type":"if","locations":[{"start":{"line":98,"column":4},"end":{"line":100,"column":5}},{"start":{"line":98,"column":4},"end":{"line":100,"column":5}}],"line":98},"15":{"loc":{"start":{"line":98,"column":8},"end":{"line":98,"column":40}},"type":"binary-expr","locations":[{"start":{"line":98,"column":8},"end":{"line":98,"column":21}},{"start":{"line":98,"column":25},"end":{"line":98,"column":40}}],"line":98},"16":{"loc":{"start":{"line":102,"column":4},"end":{"line":105,"column":5}},"type":"if","locations":[{"start":{"line":102,"column":4},"end":{"line":105,"column":5}},{"start":{"line":102,"column":4},"end":{"line":105,"column":5}}],"line":102},"17":{"loc":{"start":{"line":107,"column":17},"end":{"line":107,"column":59}},"type":"cond-expr","locations":[{"start":{"line":107,"column":37},"end":{"line":107,"column":52}},{"start":{"line":107,"column":55},"end":{"line":107,"column":59}}],"line":107},"18":{"loc":{"start":{"line":117,"column":4},"end":{"line":131,"column":5}},"type":"if","locations":[{"start":{"line":117,"column":4},"end":{"line":131,"column":5}},{"start":{"line":117,"column":4},"end":{"line":131,"column":5}}],"line":117},"19":{"loc":{"start":{"line":117,"column":8},"end":{"line":117,"column":32}},"type":"binary-expr","locations":[{"start":{"line":117,"column":8},"end":{"line":117,"column":22}},{"start":{"line":117,"column":26},"end":{"line":117,"column":32}}],"line":117},"20":{"loc":{"start":{"line":119,"column":6},"end":{"line":129,"column":7}},"type":"if","locations":[{"start":{"line":119,"column":6},"end":{"line":129,"column":7}},{"start":{"line":119,"column":6},"end":{"line":129,"column":7}}],"line":119},"21":{"loc":{"start":{"line":122,"column":10},"end":{"line":124,"column":11}},"type":"if","locations":[{"start":{"line":122,"column":10},"end":{"line":124,"column":11}},{"start":{"line":122,"column":10},"end":{"line":124,"column":11}}],"line":122},"22":{"loc":{"start":{"line":135,"column":8},"end":{"line":152,"column":9}},"type":"if","locations":[{"start":{"line":135,"column":8},"end":{"line":152,"column":9}},{"start":{"line":135,"column":8},"end":{"line":152,"column":9}}],"line":135},"23":{"loc":{"start":{"line":138,"column":19},"end":{"line":138,"column":38}},"type":"binary-expr","locations":[{"start":{"line":138,"column":19},"end":{"line":138,"column":33}},{"start":{"line":138,"column":37},"end":{"line":138,"column":38}}],"line":138},"24":{"loc":{"start":{"line":139,"column":18},"end":{"line":139,"column":36}},"type":"binary-expr","locations":[{"start":{"line":139,"column":18},"end":{"line":139,"column":31}},{"start":{"line":139,"column":35},"end":{"line":139,"column":36}}],"line":139},"25":{"loc":{"start":{"line":147,"column":20},"end":{"line":147,"column":38}},"type":"binary-expr","locations":[{"start":{"line":147,"column":20},"end":{"line":147,"column":33}},{"start":{"line":147,"column":37},"end":{"line":147,"column":38}}],"line":147},"26":{"loc":{"start":{"line":161,"column":21},"end":{"line":161,"column":93}},"type":"cond-expr","locations":[{"start":{"line":161,"column":62},"end":{"line":161,"column":77}},{"start":{"line":161,"column":80},"end":{"line":161,"column":93}}],"line":161},"27":{"loc":{"start":{"line":165,"column":4},"end":{"line":167,"column":5}},"type":"if","locations":[{"start":{"line":165,"column":4},"end":{"line":167,"column":5}},{"start":{"line":165,"column":4},"end":{"line":167,"column":5}}],"line":165},"28":{"loc":{"start":{"line":177,"column":6},"end":{"line":179,"column":7}},"type":"if","locations":[{"start":{"line":177,"column":6},"end":{"line":179,"column":7}},{"start":{"line":177,"column":6},"end":{"line":179,"column":7}}],"line":177},"29":{"loc":{"start":{"line":186,"column":13},"end":{"line":186,"column":39}},"type":"binary-expr","locations":[{"start":{"line":186,"column":13},"end":{"line":186,"column":27}},{"start":{"line":186,"column":31},"end":{"line":186,"column":39}}],"line":186},"30":{"loc":{"start":{"line":197,"column":4},"end":{"line":199,"column":5}},"type":"if","locations":[{"start":{"line":197,"column":4},"end":{"line":199,"column":5}},{"start":{"line":197,"column":4},"end":{"line":199,"column":5}}],"line":197},"31":{"loc":{"start":{"line":215,"column":8},"end":{"line":215,"column":137}},"type":"if","locations":[{"start":{"line":215,"column":8},"end":{"line":215,"column":137}},{"start":{"line":215,"column":8},"end":{"line":215,"column":137}}],"line":215},"32":{"loc":{"start":{"line":215,"column":12},"end":{"line":215,"column":58}},"type":"binary-expr","locations":[{"start":{"line":215,"column":12},"end":{"line":215,"column":33}},{"start":{"line":215,"column":37},"end":{"line":215,"column":58}}],"line":215},"33":{"loc":{"start":{"line":221,"column":4},"end":{"line":225,"column":5}},"type":"if","locations":[{"start":{"line":221,"column":4},"end":{"line":225,"column":5}},{"start":{"line":221,"column":4},"end":{"line":225,"column":5}}],"line":221},"34":{"loc":{"start":{"line":221,"column":8},"end":{"line":221,"column":42}},"type":"binary-expr","locations":[{"start":{"line":221,"column":8},"end":{"line":221,"column":19}},{"start":{"line":221,"column":23},"end":{"line":221,"column":42}}],"line":221},"35":{"loc":{"start":{"line":241,"column":8},"end":{"line":241,"column":137}},"type":"if","locations":[{"start":{"line":241,"column":8},"end":{"line":241,"column":137}},{"start":{"line":241,"column":8},"end":{"line":241,"column":137}}],"line":241},"36":{"loc":{"start":{"line":241,"column":12},"end":{"line":241,"column":58}},"type":"binary-expr","locations":[{"start":{"line":241,"column":12},"end":{"line":241,"column":33}},{"start":{"line":241,"column":37},"end":{"line":241,"column":58}}],"line":241},"37":{"loc":{"start":{"line":247,"column":4},"end":{"line":253,"column":5}},"type":"if","locations":[{"start":{"line":247,"column":4},"end":{"line":253,"column":5}},{"start":{"line":247,"column":4},"end":{"line":253,"column":5}}],"line":247},"38":{"loc":{"start":{"line":269,"column":8},"end":{"line":269,"column":137}},"type":"if","locations":[{"start":{"line":269,"column":8},"end":{"line":269,"column":137}},{"start":{"line":269,"column":8},"end":{"line":269,"column":137}}],"line":269},"39":{"loc":{"start":{"line":269,"column":12},"end":{"line":269,"column":58}},"type":"binary-expr","locations":[{"start":{"line":269,"column":12},"end":{"line":269,"column":33}},{"start":{"line":269,"column":37},"end":{"line":269,"column":58}}],"line":269},"40":{"loc":{"start":{"line":275,"column":4},"end":{"line":281,"column":5}},"type":"if","locations":[{"start":{"line":275,"column":4},"end":{"line":281,"column":5}},{"start":{"line":275,"column":4},"end":{"line":281,"column":5}}],"line":275}},"s":{"0":1,"1":1,"2":1,"3":1,"4":1,"5":1,"6":1,"7":1,"8":5,"9":1,"10":4,"11":4,"12":4,"13":4,"14":4,"15":4,"16":4,"17":2,"18":2,"19":2,"20":2,"21":2,"22":0,"23":2,"24":2,"25":2,"26":0,"27":0,"28":592,"29":592,"30":592,"31":592,"32":592,"33":0,"34":0,"35":0,"36":0,"37":0,"38":0,"39":64,"40":64,"41":64,"42":4,"43":4,"44":4,"45":64,"46":312,"47":280,"48":64,"49":2,"50":64,"51":18,"52":18,"53":64,"54":64,"55":64,"56":64,"57":64,"58":64,"59":64,"60":2,"61":2,"62":2,"63":2,"64":2,"65":0,"66":2,"67":0,"68":2,"69":64,"70":64,"71":4,"72":60,"73":60,"74":60,"75":124,"76":1,"77":50,"78":50,"79":50,"80":50,"81":42,"82":42,"83":8,"84":8,"85":8,"86":8,"87":8,"88":2,"89":6,"90":224,"91":224,"92":224,"93":224,"94":224,"95":218,"96":4,"97":10,"98":214,"99":8,"100":8,"101":8,"102":6,"103":6,"104":2,"105":2,"106":0,"107":8,"108":0,"109":8,"110":20,"111":20,"112":20,"113":18,"114":18,"115":2,"116":2,"117":0,"118":14,"119":6,"120":6,"121":12,"122":8,"123":220,"124":220,"125":214,"126":214,"127":6,"128":6,"129":0,"130":210,"131":8,"132":8,"133":18,"134":202,"135":1,"136":5,"137":1},"f":{"0":5,"1":4,"2":2,"3":2,"4":0,"5":2,"6":2,"7":0,"8":592,"9":0,"10":0,"11":64,"12":312,"13":2,"14":64,"15":60,"16":60,"17":124,"18":1,"19":50,"20":50,"21":42,"22":8,"23":8,"24":8,"25":224,"26":224,"27":224,"28":218,"29":10,"30":8,"31":6,"32":6,"33":2,"34":8,"35":20,"36":18,"37":18,"38":2,"39":14,"40":6,"41":12,"42":220,"43":214,"44":214,"45":6,"46":210,"47":8,"48":18,"49":5},"b":{"0":[1,4],"1":[4,4],"2":[4,4,3],"3":[4,4],"4":[4,2],"5":[0],"6":[0],"7":[2,0],"8":[2,0],"9":[0,0],"10":[14],"11":[64,8],"12":[4,60],"13":[280,32],"14":[2,62],"15":[64,4],"16":[18,46],"17":[2,62],"18":[2,62],"19":[64,64],"20":[2,0],"21":[0,2],"22":[4,60],"23":[4,4],"24":[4,4],"25":[60,56],"26":[4,46],"27":[42,8],"28":[2,6],"29":[224,224],"30":[4,214],"31":[2,0],"32":[2,0],"33":[0,8],"34":[8,8],"35":[2,0],"36":[2,0],"37":[6,8],"38":[6,0],"39":[6,6],"40":[8,202]},"_coverageSchema":"43e27e138ebf9cfc5966b082cf9a028302ed4184","hash":"1eb3bd9452ba91d80ca3b395f38a37b58c603177","contentHash":"edf7240d773ce351cdb5efc29077004c"},"/Users/brianmcbride/Development/me/feathers-arangodb/lib/error-handler.js":{"path":"/Users/brianmcbride/Development/me/feathers-arangodb/lib/error-handler.js","statementMap":{"0":{"start":{"line":1,"column":15},"end":{"line":1,"column":44}},"1":{"start":{"line":3,"column":0},"end":{"line":16,"column":2}},"2":{"start":{"line":8,"column":2},"end":{"line":13,"column":3}},"3":{"start":{"line":9,"column":4},"end":{"line":12,"column":7}},"4":{"start":{"line":15,"column":2},"end":{"line":15,"column":14}}},"fnMap":{"0":{"name":"errorHandler","decl":{"start":{"line":3,"column":26},"end":{"line":3,"column":38}},"loc":{"start":{"line":3,"column":47},"end":{"line":16,"column":1}},"line":3}},"branchMap":{"0":{"loc":{"start":{"line":8,"column":2},"end":{"line":13,"column":3}},"type":"if","locations":[{"start":{"line":8,"column":2},"end":{"line":13,"column":3}},{"start":{"line":8,"column":2},"end":{"line":13,"column":3}}],"line":8}},"s":{"0":1,"1":1,"2":2,"3":0,"4":2},"f":{"0":2},"b":{"0":[0,2]},"_coverageSchema":"43e27e138ebf9cfc5966b082cf9a028302ed4184","hash":"1562db56e4c4be0bbb2cf8b6e2d43d101bd363d3","contentHash":"27b0b99536f56af43cc919a1de4f43d1"}}